Using pre-set license
Built from '2020.3/release' branch; Version is '2020.3.1f1 (77a89f25062f) revision 7841951'; Using compiler version '192528614'; Build Type 'Release'
OS: 'Windows 10 Pro; OS build 19043.1766; Version 2009; 64bit' Language: 'ru' Physical Memory: 8125 MB
BatchMode: 1, IsHumanControllingUs: 0, StartBugReporterOnCrash: 0, Is64bit: 1, IsPro: 0

 COMMAND LINE ARGUMENTS:
C:\Program Files\Unity\Hub\Editor\2020.3.1f1\Editor\Unity.exe
-adb2
-batchMode
-noUpm
-name
AssetImportWorker0
-projectPath
C:/Users/Pc/Desktop/unity/Fight3D
-logFile
Logs/AssetImportWorker0.log
-srvPort
50033
Successfully changed project path to: C:/Users/Pc/Desktop/unity/Fight3D
C:/Users/Pc/Desktop/unity/Fight3D
Using Asset Import Pipeline V2.
Refreshing native plugins compatible for Editor in 24.15 ms, found 0 plugins.
Preloading 0 native plugins for Editor in 0.00 ms.
Initialize engine version: 2020.3.1f1 (77a89f25062f)
[Subsystems] Discovering subsystems at path C:/Program Files/Unity/Hub/Editor/2020.3.1f1/Editor/Data/Resources/UnitySubsystems
[Subsystems] Discovering subsystems at path C:/Users/Pc/Desktop/unity/Fight3D/Assets
GfxDevice: creating device client; threaded=0
Direct3D:
    Version:  Direct3D 11.0 [level 11.1]
    Renderer: NVIDIA GeForce GTX 1650 (ID=0x1f82)
    Vendor:   
    VRAM:     3962 MB
    Driver:   30.0.14.7111
Initialize mono
Mono path[0] = 'C:/Program Files/Unity/Hub/Editor/2020.3.1f1/Editor/Data/Managed'
Mono path[1] = 'C:/Program Files/Unity/Hub/Editor/2020.3.1f1/Editor/Data/MonoBleedingEdge/lib/mono/unityjit'
Mono config path = 'C:/Program Files/Unity/Hub/Editor/2020.3.1f1/Editor/Data/MonoBleedingEdge/etc'
Using monoOptions --debugger-agent=transport=dt_socket,embedding=1,server=y,suspend=n,address=127.0.0.1:56004
Begin MonoManager ReloadAssembly
Registering precompiled unity dll's ...
Register platform support module: C:/Program Files/Unity/Hub/Editor/2020.3.1f1/Editor/Data/PlaybackEngines/WindowsStandaloneSupport/UnityEditor.WindowsStandalone.Extensions.dll
Registered in 0.001577 seconds.
Native extension for WindowsStandalone target not found
Refreshing native plugins compatible for Editor in 21.75 ms, found 0 plugins.
Preloading 0 native plugins for Editor in 0.00 ms.
Invoked RoslynAnalysisRunner static constructor.
RoslynAnalysisRunner will not be running.
RoslynAnalysisRunner has terminated.
Mono: successfully reloaded assembly
- Completed reload, in  1.767 seconds
Platform modules already initialized, skipping
Registering precompiled user dll's ...
Registered in 0.000631 seconds.
Begin MonoManager ReloadAssembly
Native extension for WindowsStandalone target not found
Refreshing native plugins compatible for Editor in 0.20 ms, found 0 plugins.
Preloading 0 native plugins for Editor in 0.00 ms.
Invoked RoslynAnalysisRunner static constructor.
RoslynAnalysisRunner will not be running.
RoslynAnalysisRunner has terminated.
Mono: successfully reloaded assembly
- Completed reload, in  0.776 seconds
Platform modules already initialized, skipping
========================================================================
Worker process is ready to serve import requests
Launched and connected shader compiler UnityShaderCompiler.exe after 0.05 seconds
Refreshing native plugins compatible for Editor in 0.20 ms, found 0 plugins.
Preloading 0 native plugins for Editor in 0.00 ms.
Unloading 1120 Unused Serialized files (Serialized files now loaded: 0)
System memory in use before: 57.2 MB.
System memory in use after: 57.2 MB.

Unloading 10 unused Assets to reduce memory usage. Loaded Objects now: 1563.
Total: 2.082000 ms (FindLiveObjects: 0.423000 ms CreateObjectMapping: 0.064600 ms MarkObjects: 1.516200 ms  DeleteObjects: 0.076200 ms)

========================================================================
Received Import Request.
  path: Assets/Scripts/Inventory/PickUp_Controller.cs
  artifactKey: Guid(f2c70dedc983dac4c9ae65c6936d3030) Importer(815301076,1909f56bfc062723c751e8b465ee728b)
Start importing Assets/Scripts/Inventory/PickUp_Controller.cs using Guid(f2c70dedc983dac4c9ae65c6936d3030) Importer(815301076,1909f56bfc062723c751e8b465ee728b)  -> (artifact id: '7e4d09177a28d412f1f5602eb35a28cf') in 0.039903 seconds
  Import took 0.041722 seconds .

========================================================================
Received Prepare
Registering precompiled user dll's ...
Registered in 0.000584 seconds.
Begin MonoManager ReloadAssembly
Native extension for WindowsStandalone target not found
Refreshing native plugins compatible for Editor in 0.21 ms, found 0 plugins.
Preloading 0 native plugins for Editor in 0.00 ms.
Invoked RoslynAnalysisRunner static constructor.
RoslynAnalysisRunner will not be running.
RoslynAnalysisRunner has terminated.
Mono: successfully reloaded assembly
- Completed reload, in  0.713 seconds
Platform modules already initialized, skipping
Refreshing native plugins compatible for Editor in 0.18 ms, found 0 plugins.
Preloading 0 native plugins for Editor in 0.00 ms.
Unloading 1115 Unused Serialized files (Serialized files now loaded: 0)
System memory in use before: 57.1 MB.
System memory in use after: 57.2 MB.

Unloading 5 unused Assets to reduce memory usage. Loaded Objects now: 1566.
Total: 5.959600 ms (FindLiveObjects: 0.374800 ms CreateObjectMapping: 0.137100 ms MarkObjects: 5.264600 ms  DeleteObjects: 0.179100 ms)

========================================================================
Received Prepare
Registering precompiled user dll's ...
Registered in 0.000582 seconds.
Begin MonoManager ReloadAssembly
Native extension for WindowsStandalone target not found
Refreshing native plugins compatible for Editor in 0.22 ms, found 0 plugins.
Preloading 0 native plugins for Editor in 0.00 ms.
Invoked RoslynAnalysisRunner static constructor.
RoslynAnalysisRunner will not be running.
RoslynAnalysisRunner has terminated.
Mono: successfully reloaded assembly
- Completed reload, in  0.713 seconds
Platform modules already initialized, skipping
Refreshing native plugins compatible for Editor in 0.20 ms, found 0 plugins.
Preloading 0 native plugins for Editor in 0.00 ms.
Unloading 1115 Unused Serialized files (Serialized files now loaded: 0)
System memory in use before: 57.2 MB.
System memory in use after: 57.2 MB.

Unloading 5 unused Assets to reduce memory usage. Loaded Objects now: 1569.
Total: 1.929400 ms (FindLiveObjects: 0.205600 ms CreateObjectMapping: 0.060500 ms MarkObjects: 1.594700 ms  DeleteObjects: 0.067200 ms)

========================================================================
Received Prepare
Registering precompiled user dll's ...
Registered in 0.000760 seconds.
Begin MonoManager ReloadAssembly
Native extension for WindowsStandalone target not found
Refreshing native plugins compatible for Editor in 0.19 ms, found 0 plugins.
Preloading 0 native plugins for Editor in 0.00 ms.
Invoked RoslynAnalysisRunner static constructor.
RoslynAnalysisRunner will not be running.
RoslynAnalysisRunner has terminated.
Mono: successfully reloaded assembly
- Completed reload, in  0.707 seconds
Platform modules already initialized, skipping
Refreshing native plugins compatible for Editor in 0.28 ms, found 0 plugins.
Preloading 0 native plugins for Editor in 0.00 ms.
Unloading 1115 Unused Serialized files (Serialized files now loaded: 0)
System memory in use before: 57.2 MB.
System memory in use after: 57.2 MB.

Unloading 5 unused Assets to reduce memory usage. Loaded Objects now: 1572.
Total: 2.378700 ms (FindLiveObjects: 0.150500 ms CreateObjectMapping: 0.042100 ms MarkObjects: 2.128900 ms  DeleteObjects: 0.056200 ms)

========================================================================
Received Import Request.
  Time since last request: 736.637754 seconds.
  path: Assets/Scripts/Inventory/Items/ItemObjects
  artifactKey: Guid(3c8395dd9984269479d2afd2de4fb3f2) Importer(815301076,1909f56bfc062723c751e8b465ee728b)
Start importing Assets/Scripts/Inventory/Items/ItemObjects using Guid(3c8395dd9984269479d2afd2de4fb3f2) Importer(815301076,1909f56bfc062723c751e8b465ee728b)  -> (artifact id: '54b0314685c34e404256f137f0d1ae33') in 0.010225 seconds
  Import took 0.012311 seconds .

========================================================================
Received Import Request.
  Time since last request: 12.465023 seconds.
  path: Assets/Scripts/Inventory/Items/ItemObjects/ItemObject.cs
  artifactKey: Guid(e2d59ecfd34542741ae3c3d5dc869586) Importer(815301076,1909f56bfc062723c751e8b465ee728b)
Start importing Assets/Scripts/Inventory/Items/ItemObjects/ItemObject.cs using Guid(e2d59ecfd34542741ae3c3d5dc869586) Importer(815301076,1909f56bfc062723c751e8b465ee728b)  -> (artifact id: 'fb3113b969733ad386d014279b4bf943') in 0.009681 seconds
  Import took 0.013401 seconds .

========================================================================
Received Import Request.
  Time since last request: 267.476449 seconds.
  path: Assets/Scripts/Inventory/Items/ItemObjects/ItemObject.cs
  artifactKey: Guid(e2d59ecfd34542741ae3c3d5dc869586) Importer(815301076,1909f56bfc062723c751e8b465ee728b)
Start importing Assets/Scripts/Inventory/Items/ItemObjects/ItemObject.cs using Guid(e2d59ecfd34542741ae3c3d5dc869586) Importer(815301076,1909f56bfc062723c751e8b465ee728b)  -> (artifact id: 'cf38d550faa1aa61f502271ab37ea835') in 0.010164 seconds
  Import took 0.013323 seconds .

========================================================================
Received Prepare
Registering precompiled user dll's ...
Registered in 0.000529 seconds.
Begin MonoManager ReloadAssembly
Native extension for WindowsStandalone target not found
Refreshing native plugins compatible for Editor in 0.19 ms, found 0 plugins.
Preloading 0 native plugins for Editor in 0.00 ms.
Invoked RoslynAnalysisRunner static constructor.
RoslynAnalysisRunner will not be running.
RoslynAnalysisRunner has terminated.
Mono: successfully reloaded assembly
- Completed reload, in  0.689 seconds
Platform modules already initialized, skipping
Refreshing native plugins compatible for Editor in 0.19 ms, found 0 plugins.
Preloading 0 native plugins for Editor in 0.00 ms.
Unloading 1116 Unused Serialized files (Serialized files now loaded: 0)
System memory in use before: 57.2 MB.
System memory in use after: 57.3 MB.

Unloading 5 unused Assets to reduce memory usage. Loaded Objects now: 1576.
Total: 1.449200 ms (FindLiveObjects: 0.111000 ms CreateObjectMapping: 0.031500 ms MarkObjects: 1.263700 ms  DeleteObjects: 0.042300 ms)

========================================================================
Received Import Request.
  Time since last request: 40.077672 seconds.
  path: Assets/Scripts/Inventory/Items/ItemObjects/WeaponObject.cs
  artifactKey: Guid(866a2523446670048bd2f7296fdbd493) Importer(815301076,1909f56bfc062723c751e8b465ee728b)
Start importing Assets/Scripts/Inventory/Items/ItemObjects/WeaponObject.cs using Guid(866a2523446670048bd2f7296fdbd493) Importer(815301076,1909f56bfc062723c751e8b465ee728b)  -> (artifact id: 'f10dd11e3dd9443ca976a7e1d5820e91') in 0.010253 seconds
  Import took 0.013338 seconds .

========================================================================
Received Prepare
Registering precompiled user dll's ...
Registered in 0.000564 seconds.
Begin MonoManager ReloadAssembly
Native extension for WindowsStandalone target not found
Refreshing native plugins compatible for Editor in 0.22 ms, found 0 plugins.
Preloading 0 native plugins for Editor in 0.00 ms.
Invoked RoslynAnalysisRunner static constructor.
RoslynAnalysisRunner will not be running.
RoslynAnalysisRunner has terminated.
Mono: successfully reloaded assembly
- Completed reload, in  0.708 seconds
Platform modules already initialized, skipping
Refreshing native plugins compatible for Editor in 0.19 ms, found 0 plugins.
Preloading 0 native plugins for Editor in 0.00 ms.
Unloading 1117 Unused Serialized files (Serialized files now loaded: 0)
System memory in use before: 57.2 MB.
System memory in use after: 57.3 MB.

Unloading 5 unused Assets to reduce memory usage. Loaded Objects now: 1580.
Total: 1.776200 ms (FindLiveObjects: 0.151900 ms CreateObjectMapping: 0.043900 ms MarkObjects: 1.529100 ms  DeleteObjects: 0.050600 ms)

========================================================================
Received Prepare
Registering precompiled user dll's ...
Registered in 0.000971 seconds.
Begin MonoManager ReloadAssembly
Native extension for WindowsStandalone target not found
Refreshing native plugins compatible for Editor in 0.19 ms, found 0 plugins.
Preloading 0 native plugins for Editor in 0.00 ms.
Invoked RoslynAnalysisRunner static constructor.
RoslynAnalysisRunner will not be running.
RoslynAnalysisRunner has terminated.
Mono: successfully reloaded assembly
- Completed reload, in  0.689 seconds
Platform modules already initialized, skipping
Refreshing native plugins compatible for Editor in 0.20 ms, found 0 plugins.
Preloading 0 native plugins for Editor in 0.00 ms.
Unloading 1117 Unused Serialized files (Serialized files now loaded: 0)
System memory in use before: 57.2 MB.
System memory in use after: 57.3 MB.

Unloading 5 unused Assets to reduce memory usage. Loaded Objects now: 1583.
Total: 1.558400 ms (FindLiveObjects: 0.129700 ms CreateObjectMapping: 0.036900 ms MarkObjects: 1.340500 ms  DeleteObjects: 0.049900 ms)

========================================================================
Received Import Request.
  Time since last request: 304.992182 seconds.
  path: Assets/Scripts/Inventory/Items/ItemObjects/WeaponObject.cs
  artifactKey: Guid(866a2523446670048bd2f7296fdbd493) Importer(815301076,1909f56bfc062723c751e8b465ee728b)
Start importing Assets/Scripts/Inventory/Items/ItemObjects/WeaponObject.cs using Guid(866a2523446670048bd2f7296fdbd493) Importer(815301076,1909f56bfc062723c751e8b465ee728b)  -> (artifact id: '0c1ac50f8ba98c58be3c612ac93ef23d') in 0.005803 seconds
  Import took 0.008722 seconds .

========================================================================
Received Import Request.
  Time since last request: 1.427203 seconds.
  path: Assets/Scripts/Inventory/Items/ItemObjects/WeaponObject.cs
  artifactKey: Guid(866a2523446670048bd2f7296fdbd493) Importer(815301076,1909f56bfc062723c751e8b465ee728b)
Start importing Assets/Scripts/Inventory/Items/ItemObjects/WeaponObject.cs using Guid(866a2523446670048bd2f7296fdbd493) Importer(815301076,1909f56bfc062723c751e8b465ee728b)  -> (artifact id: '0c1ac50f8ba98c58be3c612ac93ef23d') in 0.003103 seconds
  Import took 0.004828 seconds .

========================================================================
Received Prepare
Registering precompiled user dll's ...
Registered in 0.000559 seconds.
Begin MonoManager ReloadAssembly
Native extension for WindowsStandalone target not found
Refreshing native plugins compatible for Editor in 0.19 ms, found 0 plugins.
Preloading 0 native plugins for Editor in 0.00 ms.
Invoked RoslynAnalysisRunner static constructor.
RoslynAnalysisRunner will not be running.
RoslynAnalysisRunner has terminated.
Mono: successfully reloaded assembly
- Completed reload, in  0.700 seconds
Platform modules already initialized, skipping
Refreshing native plugins compatible for Editor in 0.19 ms, found 0 plugins.
Preloading 0 native plugins for Editor in 0.00 ms.
Unloading 1117 Unused Serialized files (Serialized files now loaded: 0)
System memory in use before: 57.3 MB.
System memory in use after: 57.3 MB.

Unloading 5 unused Assets to reduce memory usage. Loaded Objects now: 1586.
Total: 5.090100 ms (FindLiveObjects: 0.348300 ms CreateObjectMapping: 0.128200 ms MarkObjects: 4.471700 ms  DeleteObjects: 0.138700 ms)

========================================================================
Received Prepare
Registering precompiled user dll's ...
Registered in 0.000597 seconds.
Begin MonoManager ReloadAssembly
Native extension for WindowsStandalone target not found
Refreshing native plugins compatible for Editor in 0.19 ms, found 0 plugins.
Preloading 0 native plugins for Editor in 0.00 ms.
Invoked RoslynAnalysisRunner static constructor.
RoslynAnalysisRunner will not be running.
RoslynAnalysisRunner has terminated.
Mono: successfully reloaded assembly
- Completed reload, in  0.713 seconds
Platform modules already initialized, skipping
Refreshing native plugins compatible for Editor in 0.23 ms, found 0 plugins.
Preloading 0 native plugins for Editor in 0.00 ms.
Unloading 1117 Unused Serialized files (Serialized files now loaded: 0)
System memory in use before: 57.3 MB.
System memory in use after: 57.3 MB.

Unloading 5 unused Assets to reduce memory usage. Loaded Objects now: 1589.
Total: 2.503700 ms (FindLiveObjects: 0.306500 ms CreateObjectMapping: 0.200600 ms MarkObjects: 1.752600 ms  DeleteObjects: 0.242400 ms)

========================================================================
Received Prepare
Registering precompiled user dll's ...
Registered in 0.000673 seconds.
Begin MonoManager ReloadAssembly
Native extension for WindowsStandalone target not found
Refreshing native plugins compatible for Editor in 0.20 ms, found 0 plugins.
Preloading 0 native plugins for Editor in 0.00 ms.
Invoked RoslynAnalysisRunner static constructor.
RoslynAnalysisRunner will not be running.
RoslynAnalysisRunner has terminated.
Mono: successfully reloaded assembly
- Completed reload, in  0.694 seconds
Platform modules already initialized, skipping
Refreshing native plugins compatible for Editor in 0.22 ms, found 0 plugins.
Preloading 0 native plugins for Editor in 0.00 ms.
Unloading 1117 Unused Serialized files (Serialized files now loaded: 0)
System memory in use before: 57.3 MB.
System memory in use after: 57.3 MB.

Unloading 5 unused Assets to reduce memory usage. Loaded Objects now: 1592.
Total: 1.784300 ms (FindLiveObjects: 0.183000 ms CreateObjectMapping: 0.053600 ms MarkObjects: 1.494200 ms  DeleteObjects: 0.052000 ms)

========================================================================
Received Import Request.
  Time since last request: 198.777088 seconds.
  path: Assets/Scripts/Inventory/Items/ItemObjects/WeaponObject.cs
  artifactKey: Guid(866a2523446670048bd2f7296fdbd493) Importer(815301076,1909f56bfc062723c751e8b465ee728b)
Start importing Assets/Scripts/Inventory/Items/ItemObjects/WeaponObject.cs using Guid(866a2523446670048bd2f7296fdbd493) Importer(815301076,1909f56bfc062723c751e8b465ee728b)  -> (artifact id: '218147ac814623ed9786cfd4db2ead3b') in 0.007043 seconds
  Import took 0.009685 seconds .

========================================================================
Received Import Request.
  Time since last request: 1.450142 seconds.
  path: Assets/Scripts/Inventory/Items/ItemObjects/WeaponObject.cs
  artifactKey: Guid(866a2523446670048bd2f7296fdbd493) Importer(815301076,1909f56bfc062723c751e8b465ee728b)
Start importing Assets/Scripts/Inventory/Items/ItemObjects/WeaponObject.cs using Guid(866a2523446670048bd2f7296fdbd493) Importer(815301076,1909f56bfc062723c751e8b465ee728b)  -> (artifact id: '218147ac814623ed9786cfd4db2ead3b') in 0.003096 seconds
  Import took 0.004803 seconds .

========================================================================
Received Prepare
Registering precompiled user dll's ...
Registered in 0.000652 seconds.
Begin MonoManager ReloadAssembly
Native extension for WindowsStandalone target not found
Refreshing native plugins compatible for Editor in 0.19 ms, found 0 plugins.
Preloading 0 native plugins for Editor in 0.00 ms.
Invoked RoslynAnalysisRunner static constructor.
RoslynAnalysisRunner will not be running.
RoslynAnalysisRunner has terminated.
Mono: successfully reloaded assembly
- Completed reload, in  0.708 seconds
Platform modules already initialized, skipping
Refreshing native plugins compatible for Editor in 0.19 ms, found 0 plugins.
Preloading 0 native plugins for Editor in 0.00 ms.
Unloading 1117 Unused Serialized files (Serialized files now loaded: 0)
System memory in use before: 57.3 MB.
System memory in use after: 57.3 MB.

Unloading 5 unused Assets to reduce memory usage. Loaded Objects now: 1595.
Total: 2.795200 ms (FindLiveObjects: 0.223800 ms CreateObjectMapping: 0.068500 ms MarkObjects: 2.409100 ms  DeleteObjects: 0.091900 ms)

========================================================================
Received Import Request.
  Time since last request: 372.456471 seconds.
  path: Assets/Scripts/Inventory/Items/ItemObjects/WeaponObject.cs
  artifactKey: Guid(866a2523446670048bd2f7296fdbd493) Importer(815301076,1909f56bfc062723c751e8b465ee728b)
Start importing Assets/Scripts/Inventory/Items/ItemObjects/WeaponObject.cs using Guid(866a2523446670048bd2f7296fdbd493) Importer(815301076,1909f56bfc062723c751e8b465ee728b)  -> (artifact id: 'b4fe443b5cf30f1f84d95e13457f8de9') in 0.017070 seconds
  Import took 0.023068 seconds .

========================================================================
Received Import Request.
  Time since last request: 6.876015 seconds.
  path: Assets/Resources/Inventory/ScriptableObjects/Test2.asset
  artifactKey: Guid(f6f44897b14744a419219f84d289314a) Importer(815301076,1909f56bfc062723c751e8b465ee728b)
Start importing Assets/Resources/Inventory/ScriptableObjects/Test2.asset using Guid(f6f44897b14744a419219f84d289314a) Importer(815301076,1909f56bfc062723c751e8b465ee728b)  -> (artifact id: 'a0dfb2c78371efab9a2dbebf3dbe9ec9') in 0.030318 seconds
  Import took 0.033474 seconds .

========================================================================
Received Import Request.
  Time since last request: 2.049434 seconds.
  path: Assets/Resources/Inventory/ScriptableObjects/TrashForTesting/Blue.mat
  artifactKey: Guid(e1c60c8a37cce3b4f9c443ebe6629555) Importer(815301076,1909f56bfc062723c751e8b465ee728b)
Start importing Assets/Resources/Inventory/ScriptableObjects/TrashForTesting/Blue.mat using Guid(e1c60c8a37cce3b4f9c443ebe6629555) Importer(815301076,1909f56bfc062723c751e8b465ee728b)  -> (artifact id: '6d6ed8fa059eb72034d9b66daaeb127d') in 0.125519 seconds
  Import took 0.128557 seconds .

========================================================================
Received Prepare
Registering precompiled user dll's ...
Registered in 0.000644 seconds.
Begin MonoManager ReloadAssembly
Native extension for WindowsStandalone target not found
Refreshing native plugins compatible for Editor in 0.20 ms, found 0 plugins.
Preloading 0 native plugins for Editor in 0.00 ms.
Invoked RoslynAnalysisRunner static constructor.
RoslynAnalysisRunner will not be running.
RoslynAnalysisRunner has terminated.
Mono: successfully reloaded assembly
- Completed reload, in  0.682 seconds
Platform modules already initialized, skipping
Refreshing native plugins compatible for Editor in 0.22 ms, found 0 plugins.
Preloading 0 native plugins for Editor in 0.00 ms.
Unloading 1117 Unused Serialized files (Serialized files now loaded: 0)
System memory in use before: 60.6 MB.
System memory in use after: 60.7 MB.

Unloading 5 unused Assets to reduce memory usage. Loaded Objects now: 1639.
Total: 1.474900 ms (FindLiveObjects: 0.117900 ms CreateObjectMapping: 0.031200 ms MarkObjects: 1.284100 ms  DeleteObjects: 0.041000 ms)

========================================================================
Received Import Request.
  Time since last request: 120.300344 seconds.
  path: Assets/Resources/Inventory/ScriptableObjects/TrashForTesting/Cubik.prefab
  artifactKey: Guid(03ee327db85575b49aafa11d778e2478) Importer(815301076,1909f56bfc062723c751e8b465ee728b)
Start importing Assets/Resources/Inventory/ScriptableObjects/TrashForTesting/Cubik.prefab using Guid(03ee327db85575b49aafa11d778e2478) Importer(815301076,1909f56bfc062723c751e8b465ee728b)  -> (artifact id: '0910681aa72dc22a6fc8ba458bf64aea') in 0.060359 seconds
  Import took 0.062374 seconds .

========================================================================
Received Import Request.
  Time since last request: 5.405068 seconds.
  path: Assets/Resources/Inventory/ScriptableObjects/TrashForTesting/Cubik.prefab
  artifactKey: Guid(03ee327db85575b49aafa11d778e2478) Importer(815301076,1909f56bfc062723c751e8b465ee728b)
Start importing Assets/Resources/Inventory/ScriptableObjects/TrashForTesting/Cubik.prefab using Guid(03ee327db85575b49aafa11d778e2478) Importer(815301076,1909f56bfc062723c751e8b465ee728b) NullReferenceException: Object reference not set to an instance of an object
  at ItemObject..ctor () [0x00006] in C:\Users\Pc\Desktop\unity\Fight3D\Assets\Scripts\Inventory\Items\ItemObjects\ItemObject.cs:16 

(Filename: Assets/Scripts/Inventory/Items/ItemObjects/ItemObject.cs Line: 16)

NullReferenceException: Object reference not set to an instance of an object
  at ItemObject..ctor () [0x00006] in C:\Users\Pc\Desktop\unity\Fight3D\Assets\Scripts\Inventory\Items\ItemObjects\ItemObject.cs:16 
UnityEditor.EditorUtility:Internal_InstantiateRemoveAllNonAnimationComponentsSingle_Injected(Object, Vector3&, Quaternion&)
UnityEditor.EditorUtility:Internal_InstantiateRemoveAllNonAnimationComponentsSingle(Object, Vector3, Quaternion)
UnityEditor.EditorUtility:InstantiateRemoveAllNonAnimationComponents(Object, Vector3, Quaternion)
UnityEditor.EditorUtility:InstantiateForAnimatorPreview(Object)
UnityEditor.PreviewData:UpdateGameObject(Object)
UnityEditor.PreviewData:.ctor(Object)
UnityEditor.GameObjectInspector:GetPreviewData()
UnityEditor.GameObjectInspector:RenderStaticPreview(String, Object[], Int32, Int32)
UnityEditor.AssetPreviewUpdater:CreatePreviewForAsset(Object, Object[], String)

(Filename: Assets/Scripts/Inventory/Items/ItemObjects/ItemObject.cs Line: 16)

 -> (artifact id: 'e86501a388fb7bede056c8a038c64024') in 0.019101 seconds
  Import took 0.021410 seconds .

========================================================================
Received Import Request.
  Time since last request: 20.792188 seconds.
  path: Assets/Resources/Inventory/ScriptableObjects/TrashForTesting/Cubik.prefab
  artifactKey: Guid(03ee327db85575b49aafa11d778e2478) Importer(815301076,1909f56bfc062723c751e8b465ee728b)
Start importing Assets/Resources/Inventory/ScriptableObjects/TrashForTesting/Cubik.prefab using Guid(03ee327db85575b49aafa11d778e2478) Importer(815301076,1909f56bfc062723c751e8b465ee728b) NullReferenceException: Object reference not set to an instance of an object
  at ItemObject..ctor () [0x00006] in C:\Users\Pc\Desktop\unity\Fight3D\Assets\Scripts\Inventory\Items\ItemObjects\ItemObject.cs:16 

(Filename: Assets/Scripts/Inventory/Items/ItemObjects/ItemObject.cs Line: 16)

NullReferenceException: Object reference not set to an instance of an object
  at ItemObject..ctor () [0x00006] in C:\Users\Pc\Desktop\unity\Fight3D\Assets\Scripts\Inventory\Items\ItemObjects\ItemObject.cs:16 
UnityEditor.EditorUtility:Internal_InstantiateRemoveAllNonAnimationComponentsSingle_Injected(Object, Vector3&, Quaternion&)
UnityEditor.EditorUtility:Internal_InstantiateRemoveAllNonAnimationComponentsSingle(Object, Vector3, Quaternion)
UnityEditor.EditorUtility:InstantiateRemoveAllNonAnimationComponents(Object, Vector3, Quaternion)
UnityEditor.EditorUtility:InstantiateForAnimatorPreview(Object)
UnityEditor.PreviewData:UpdateGameObject(Object)
UnityEditor.PreviewData:.ctor(Object)
UnityEditor.GameObjectInspector:GetPreviewData()
UnityEditor.GameObjectInspector:RenderStaticPreview(String, Object[], Int32, Int32)
UnityEditor.AssetPreviewUpdater:CreatePreviewForAsset(Object, Object[], String)

(Filename: Assets/Scripts/Inventory/Items/ItemObjects/ItemObject.cs Line: 16)

 -> (artifact id: '61be86d4519b3d89ec1b1de763eda50f') in 0.022636 seconds
  Import took 0.024934 seconds .

========================================================================
Received Import Request.
  Time since last request: 11.291255 seconds.
  path: Assets/Resources/Inventory/ScriptableObjects/TrashForTesting/Cubik.prefab
  artifactKey: Guid(03ee327db85575b49aafa11d778e2478) Importer(815301076,1909f56bfc062723c751e8b465ee728b)
Start importing Assets/Resources/Inventory/ScriptableObjects/TrashForTesting/Cubik.prefab using Guid(03ee327db85575b49aafa11d778e2478) Importer(815301076,1909f56bfc062723c751e8b465ee728b) NullReferenceException: Object reference not set to an instance of an object
  at ItemObject..ctor () [0x00006] in C:\Users\Pc\Desktop\unity\Fight3D\Assets\Scripts\Inventory\Items\ItemObjects\ItemObject.cs:16 

(Filename: Assets/Scripts/Inventory/Items/ItemObjects/ItemObject.cs Line: 16)

NullReferenceException: Object reference not set to an instance of an object
  at ItemObject..ctor () [0x00006] in C:\Users\Pc\Desktop\unity\Fight3D\Assets\Scripts\Inventory\Items\ItemObjects\ItemObject.cs:16 
UnityEditor.EditorUtility:Internal_InstantiateRemoveAllNonAnimationComponentsSingle_Injected(Object, Vector3&, Quaternion&)
UnityEditor.EditorUtility:Internal_InstantiateRemoveAllNonAnimationComponentsSingle(Object, Vector3, Quaternion)
UnityEditor.EditorUtility:InstantiateRemoveAllNonAnimationComponents(Object, Vector3, Quaternion)
UnityEditor.EditorUtility:InstantiateForAnimatorPreview(Object)
UnityEditor.PreviewData:UpdateGameObject(Object)
UnityEditor.PreviewData:.ctor(Object)
UnityEditor.GameObjectInspector:GetPreviewData()
UnityEditor.GameObjectInspector:RenderStaticPreview(String, Object[], Int32, Int32)
UnityEditor.AssetPreviewUpdater:CreatePreviewForAsset(Object, Object[], String)

(Filename: Assets/Scripts/Inventory/Items/ItemObjects/ItemObject.cs Line: 16)

 -> (artifact id: '2f0cab3e64770d3af6e3f9f90a487d08') in 0.019021 seconds
  Import took 0.021562 seconds .

========================================================================
Received Import Request.
  Time since last request: 46.406363 seconds.
  path: Assets/Resources/Inventory/ScriptableObjects/TrashForTesting/Spherik.prefab
  artifactKey: Guid(797c9c3d7512fb346bb8c176bd08ca71) Importer(815301076,1909f56bfc062723c751e8b465ee728b)
Start importing Assets/Resources/Inventory/ScriptableObjects/TrashForTesting/Spherik.prefab using Guid(797c9c3d7512fb346bb8c176bd08ca71) Importer(815301076,1909f56bfc062723c751e8b465ee728b) NullReferenceException: Object reference not set to an instance of an object
  at ItemObject..ctor () [0x00006] in C:\Users\Pc\Desktop\unity\Fight3D\Assets\Scripts\Inventory\Items\ItemObjects\ItemObject.cs:16 

(Filename: Assets/Scripts/Inventory/Items/ItemObjects/ItemObject.cs Line: 16)

NullReferenceException: Object reference not set to an instance of an object
  at ItemObject..ctor () [0x00006] in C:\Users\Pc\Desktop\unity\Fight3D\Assets\Scripts\Inventory\Items\ItemObjects\ItemObject.cs:16 
UnityEditor.EditorUtility:Internal_InstantiateRemoveAllNonAnimationComponentsSingle_Injected(Object, Vector3&, Quaternion&)
UnityEditor.EditorUtility:Internal_InstantiateRemoveAllNonAnimationComponentsSingle(Object, Vector3, Quaternion)
UnityEditor.EditorUtility:InstantiateRemoveAllNonAnimationComponents(Object, Vector3, Quaternion)
UnityEditor.EditorUtility:InstantiateForAnimatorPreview(Object)
UnityEditor.PreviewData:UpdateGameObject(Object)
UnityEditor.PreviewData:.ctor(Object)
UnityEditor.GameObjectInspector:GetPreviewData()
UnityEditor.GameObjectInspector:RenderStaticPreview(String, Object[], Int32, Int32)
UnityEditor.AssetPreviewUpdater:CreatePreviewForAsset(Object, Object[], String)

(Filename: Assets/Scripts/Inventory/Items/ItemObjects/ItemObject.cs Line: 16)

 -> (artifact id: '37caed74dbed9eab28b0b9a9f69ce4b7') in 0.019705 seconds
  Import took 0.021691 seconds .

========================================================================
Received Import Request.
  Time since last request: 5.045821 seconds.
  path: Assets/Resources/Inventory/ScriptableObjects/TrashForTesting/Spherik.prefab
  artifactKey: Guid(797c9c3d7512fb346bb8c176bd08ca71) Importer(815301076,1909f56bfc062723c751e8b465ee728b)
Start importing Assets/Resources/Inventory/ScriptableObjects/TrashForTesting/Spherik.prefab using Guid(797c9c3d7512fb346bb8c176bd08ca71) Importer(815301076,1909f56bfc062723c751e8b465ee728b) NullReferenceException: Object reference not set to an instance of an object
  at ItemObject..ctor () [0x00006] in C:\Users\Pc\Desktop\unity\Fight3D\Assets\Scripts\Inventory\Items\ItemObjects\ItemObject.cs:16 

(Filename: Assets/Scripts/Inventory/Items/ItemObjects/ItemObject.cs Line: 16)

NullReferenceException: Object reference not set to an instance of an object
  at ItemObject..ctor () [0x00006] in C:\Users\Pc\Desktop\unity\Fight3D\Assets\Scripts\Inventory\Items\ItemObjects\ItemObject.cs:16 
UnityEditor.EditorUtility:Internal_InstantiateRemoveAllNonAnimationComponentsSingle_Injected(Object, Vector3&, Quaternion&)
UnityEditor.EditorUtility:Internal_InstantiateRemoveAllNonAnimationComponentsSingle(Object, Vector3, Quaternion)
UnityEditor.EditorUtility:InstantiateRemoveAllNonAnimationComponents(Object, Vector3, Quaternion)
UnityEditor.EditorUtility:InstantiateForAnimatorPreview(Object)
UnityEditor.PreviewData:UpdateGameObject(Object)
UnityEditor.PreviewData:.ctor(Object)
UnityEditor.GameObjectInspector:GetPreviewData()
UnityEditor.GameObjectInspector:RenderStaticPreview(String, Object[], Int32, Int32)
UnityEditor.AssetPreviewUpdater:CreatePreviewForAsset(Object, Object[], String)

(Filename: Assets/Scripts/Inventory/Items/ItemObjects/ItemObject.cs Line: 16)

 -> (artifact id: '6b88a3e632d8dc5da12baa409241f9ed') in 0.023095 seconds
  Import took 0.025265 seconds .

========================================================================
Received Import Request.
  Time since last request: 2.825073 seconds.
  path: Assets/Resources/Inventory/ScriptableObjects/TrashForTesting/Spherik.prefab
  artifactKey: Guid(797c9c3d7512fb346bb8c176bd08ca71) Importer(815301076,1909f56bfc062723c751e8b465ee728b)
Start importing Assets/Resources/Inventory/ScriptableObjects/TrashForTesting/Spherik.prefab using Guid(797c9c3d7512fb346bb8c176bd08ca71) Importer(815301076,1909f56bfc062723c751e8b465ee728b) NullReferenceException: Object reference not set to an instance of an object
  at ItemObject..ctor () [0x00006] in C:\Users\Pc\Desktop\unity\Fight3D\Assets\Scripts\Inventory\Items\ItemObjects\ItemObject.cs:16 

(Filename: Assets/Scripts/Inventory/Items/ItemObjects/ItemObject.cs Line: 16)

NullReferenceException: Object reference not set to an instance of an object
  at ItemObject..ctor () [0x00006] in C:\Users\Pc\Desktop\unity\Fight3D\Assets\Scripts\Inventory\Items\ItemObjects\ItemObject.cs:16 
UnityEditor.EditorUtility:Internal_InstantiateRemoveAllNonAnimationComponentsSingle_Injected(Object, Vector3&, Quaternion&)
UnityEditor.EditorUtility:Internal_InstantiateRemoveAllNonAnimationComponentsSingle(Object, Vector3, Quaternion)
UnityEditor.EditorUtility:InstantiateRemoveAllNonAnimationComponents(Object, Vector3, Quaternion)
UnityEditor.EditorUtility:InstantiateForAnimatorPreview(Object)
UnityEditor.PreviewData:UpdateGameObject(Object)
UnityEditor.PreviewData:.ctor(Object)
UnityEditor.GameObjectInspector:GetPreviewData()
UnityEditor.GameObjectInspector:RenderStaticPreview(String, Object[], Int32, Int32)
UnityEditor.AssetPreviewUpdater:CreatePreviewForAsset(Object, Object[], String)

(Filename: Assets/Scripts/Inventory/Items/ItemObjects/ItemObject.cs Line: 16)

 -> (artifact id: '886c7b4e7eb12af9c4a19a33f0892260') in 0.017561 seconds
  Import took 0.019512 seconds .

========================================================================
Received Import Request.
  Time since last request: 1.797475 seconds.
  path: Assets/Resources/Inventory/ScriptableObjects/TrashForTesting/Spherik.prefab
  artifactKey: Guid(797c9c3d7512fb346bb8c176bd08ca71) Importer(815301076,1909f56bfc062723c751e8b465ee728b)
Start importing Assets/Resources/Inventory/ScriptableObjects/TrashForTesting/Spherik.prefab using Guid(797c9c3d7512fb346bb8c176bd08ca71) Importer(815301076,1909f56bfc062723c751e8b465ee728b) NullReferenceException: Object reference not set to an instance of an object
  at ItemObject..ctor () [0x00006] in C:\Users\Pc\Desktop\unity\Fight3D\Assets\Scripts\Inventory\Items\ItemObjects\ItemObject.cs:16 

(Filename: Assets/Scripts/Inventory/Items/ItemObjects/ItemObject.cs Line: 16)

NullReferenceException: Object reference not set to an instance of an object
  at ItemObject..ctor () [0x00006] in C:\Users\Pc\Desktop\unity\Fight3D\Assets\Scripts\Inventory\Items\ItemObjects\ItemObject.cs:16 
UnityEditor.EditorUtility:Internal_InstantiateRemoveAllNonAnimationComponentsSingle_Injected(Object, Vector3&, Quaternion&)
UnityEditor.EditorUtility:Internal_InstantiateRemoveAllNonAnimationComponentsSingle(Object, Vector3, Quaternion)
UnityEditor.EditorUtility:InstantiateRemoveAllNonAnimationComponents(Object, Vector3, Quaternion)
UnityEditor.EditorUtility:InstantiateForAnimatorPreview(Object)
UnityEditor.PreviewData:UpdateGameObject(Object)
UnityEditor.PreviewData:.ctor(Object)
UnityEditor.GameObjectInspector:GetPreviewData()
UnityEditor.GameObjectInspector:RenderStaticPreview(String, Object[], Int32, Int32)
UnityEditor.AssetPreviewUpdater:CreatePreviewForAsset(Object, Object[], String)

(Filename: Assets/Scripts/Inventory/Items/ItemObjects/ItemObject.cs Line: 16)

 -> (artifact id: '7397676577ceb60c0b9459584955a00c') in 0.010873 seconds
  Import took 0.013513 seconds .

========================================================================
Received Prepare
Registering precompiled user dll's ...
Registered in 0.000584 seconds.
Begin MonoManager ReloadAssembly
Native extension for WindowsStandalone target not found
Refreshing native plugins compatible for Editor in 0.20 ms, found 0 plugins.
Preloading 0 native plugins for Editor in 0.00 ms.
Invoked RoslynAnalysisRunner static constructor.
RoslynAnalysisRunner will not be running.
RoslynAnalysisRunner has terminated.
Mono: successfully reloaded assembly
- Completed reload, in  0.718 seconds
Platform modules already initialized, skipping
Refreshing native plugins compatible for Editor in 0.36 ms, found 0 plugins.
Preloading 0 native plugins for Editor in 0.00 ms.
Unloading 1117 Unused Serialized files (Serialized files now loaded: 0)
System memory in use before: 60.8 MB.
System memory in use after: 60.9 MB.

Unloading 5 unused Assets to reduce memory usage. Loaded Objects now: 1644.
Total: 2.232600 ms (FindLiveObjects: 0.237300 ms CreateObjectMapping: 0.059800 ms MarkObjects: 1.869800 ms  DeleteObjects: 0.063200 ms)

========================================================================
Received Prepare
Registering precompiled user dll's ...
Registered in 0.000583 seconds.
Begin MonoManager ReloadAssembly
Native extension for WindowsStandalone target not found
Refreshing native plugins compatible for Editor in 0.19 ms, found 0 plugins.
Preloading 0 native plugins for Editor in 0.00 ms.
Invoked RoslynAnalysisRunner static constructor.
RoslynAnalysisRunner will not be running.
RoslynAnalysisRunner has terminated.
Mono: successfully reloaded assembly
- Completed reload, in  0.681 seconds
Platform modules already initialized, skipping
Refreshing native plugins compatible for Editor in 0.19 ms, found 0 plugins.
Preloading 0 native plugins for Editor in 0.00 ms.
Unloading 1117 Unused Serialized files (Serialized files now loaded: 0)
System memory in use before: 60.8 MB.
System memory in use after: 60.9 MB.

Unloading 5 unused Assets to reduce memory usage. Loaded Objects now: 1647.
Total: 5.109200 ms (FindLiveObjects: 0.397200 ms CreateObjectMapping: 0.133500 ms MarkObjects: 4.410400 ms  DeleteObjects: 0.164800 ms)

========================================================================
Received Prepare
Registering precompiled user dll's ...
Registered in 0.000638 seconds.
Begin MonoManager ReloadAssembly
Native extension for WindowsStandalone target not found
Refreshing native plugins compatible for Editor in 0.19 ms, found 0 plugins.
Preloading 0 native plugins for Editor in 0.00 ms.
Invoked RoslynAnalysisRunner static constructor.
RoslynAnalysisRunner will not be running.
RoslynAnalysisRunner has terminated.
Mono: successfully reloaded assembly
- Completed reload, in  0.741 seconds
Platform modules already initialized, skipping
Refreshing native plugins compatible for Editor in 0.19 ms, found 0 plugins.
Preloading 0 native plugins for Editor in 0.00 ms.
Unloading 1117 Unused Serialized files (Serialized files now loaded: 0)
System memory in use before: 60.8 MB.
System memory in use after: 60.9 MB.

Unloading 5 unused Assets to reduce memory usage. Loaded Objects now: 1650.
Total: 5.157100 ms (FindLiveObjects: 0.377800 ms CreateObjectMapping: 0.143100 ms MarkObjects: 4.479600 ms  DeleteObjects: 0.152500 ms)

========================================================================
Received Prepare
Registering precompiled user dll's ...
Registered in 0.000562 seconds.
Begin MonoManager ReloadAssembly
Native extension for WindowsStandalone target not found
Refreshing native plugins compatible for Editor in 0.20 ms, found 0 plugins.
Preloading 0 native plugins for Editor in 0.00 ms.
Invoked RoslynAnalysisRunner static constructor.
RoslynAnalysisRunner will not be running.
RoslynAnalysisRunner has terminated.
Mono: successfully reloaded assembly
- Completed reload, in  0.692 seconds
Platform modules already initialized, skipping
Refreshing native plugins compatible for Editor in 0.33 ms, found 0 plugins.
Preloading 0 native plugins for Editor in 0.00 ms.
Unloading 1117 Unused Serialized files (Serialized files now loaded: 0)
System memory in use before: 60.8 MB.
System memory in use after: 60.9 MB.

Unloading 5 unused Assets to reduce memory usage. Loaded Objects now: 1653.
Total: 1.643500 ms (FindLiveObjects: 0.164400 ms CreateObjectMapping: 0.040800 ms MarkObjects: 1.388200 ms  DeleteObjects: 0.049100 ms)

========================================================================
Received Prepare
Registering precompiled user dll's ...
Registered in 0.000571 seconds.
Begin MonoManager ReloadAssembly
Native extension for WindowsStandalone target not found
Refreshing native plugins compatible for Editor in 0.20 ms, found 0 plugins.
Preloading 0 native plugins for Editor in 0.00 ms.
Invoked RoslynAnalysisRunner static constructor.
RoslynAnalysisRunner will not be running.
RoslynAnalysisRunner has terminated.
Mono: successfully reloaded assembly
- Completed reload, in  0.677 seconds
Platform modules already initialized, skipping
Refreshing native plugins compatible for Editor in 0.19 ms, found 0 plugins.
Preloading 0 native plugins for Editor in 0.00 ms.
Unloading 1117 Unused Serialized files (Serialized files now loaded: 0)
System memory in use before: 60.8 MB.
System memory in use after: 60.9 MB.

Unloading 5 unused Assets to reduce memory usage. Loaded Objects now: 1656.
Total: 1.454500 ms (FindLiveObjects: 0.126000 ms CreateObjectMapping: 0.035600 ms MarkObjects: 1.247600 ms  DeleteObjects: 0.044600 ms)

========================================================================
Received Import Request.
  Time since last request: 508.736685 seconds.
  path: Assets/Resources/Inventory/ScriptableObjects/TrashForTesting/Materials
  artifactKey: Guid(c6102fdec94da1d4e9e306664b2e9645) Importer(815301076,1909f56bfc062723c751e8b465ee728b)
Start importing Assets/Resources/Inventory/ScriptableObjects/TrashForTesting/Materials using Guid(c6102fdec94da1d4e9e306664b2e9645) Importer(815301076,1909f56bfc062723c751e8b465ee728b)  -> (artifact id: 'b26e56d80942fa2ad20298d579d8adf0') in 0.009124 seconds
  Import took 0.011288 seconds .

========================================================================
Received Import Request.
  Time since last request: 0.113132 seconds.
  path: Assets/Resources/Inventory/ScriptableObjects/TrashForTesting/Materials/Screenshot_2.mat
  artifactKey: Guid(319c1bb4c153aba4fa3c1e587c216dfa) Importer(815301076,1909f56bfc062723c751e8b465ee728b)
Start importing Assets/Resources/Inventory/ScriptableObjects/TrashForTesting/Materials/Screenshot_2.mat using Guid(319c1bb4c153aba4fa3c1e587c216dfa) Importer(815301076,1909f56bfc062723c751e8b465ee728b)  -> (artifact id: '2762ce531f7b5af91e09bed28c8db684') in 0.052843 seconds
  Import took 0.056337 seconds .

========================================================================
Received Import Request.
  Time since last request: 25.082049 seconds.
  path: Assets/Scripts/Inventory/InventoryManager.cs
  artifactKey: Guid(394987946b90661448df929b60fa2214) Importer(815301076,1909f56bfc062723c751e8b465ee728b)
Start importing Assets/Scripts/Inventory/InventoryManager.cs using Guid(394987946b90661448df929b60fa2214) Importer(815301076,1909f56bfc062723c751e8b465ee728b)  -> (artifact id: 'aea77958c63e6c9d3f0042b271f0c453') in 0.006908 seconds
  Import took 0.009759 seconds .

========================================================================
Received Import Request.
  Time since last request: 0.021602 seconds.
  path: Assets/Scripts/Inventory/InventoryManager.cs
  artifactKey: Guid(394987946b90661448df929b60fa2214) Importer(815301076,1909f56bfc062723c751e8b465ee728b)
Start importing Assets/Scripts/Inventory/InventoryManager.cs using Guid(394987946b90661448df929b60fa2214) Importer(815301076,1909f56bfc062723c751e8b465ee728b)  -> (artifact id: 'aea77958c63e6c9d3f0042b271f0c453') in 0.002822 seconds
  Import took 0.004988 seconds .

========================================================================
Received Import Request.
  Time since last request: 6.015923 seconds.
  path: Assets/Scripts/Inventory/PickUpItem.cs
  artifactKey: Guid(2955de1ff910d2c4cb81d153372d4ef9) Importer(815301076,1909f56bfc062723c751e8b465ee728b)
Start importing Assets/Scripts/Inventory/PickUpItem.cs using Guid(2955de1ff910d2c4cb81d153372d4ef9) Importer(815301076,1909f56bfc062723c751e8b465ee728b)  -> (artifact id: 'a054ae3ae2b238486051e28dcb8ddd71') in 0.007659 seconds
  Import took 0.009618 seconds .

========================================================================
Received Prepare
Registering precompiled user dll's ...
Registered in 0.000651 seconds.
Begin MonoManager ReloadAssembly
Native extension for WindowsStandalone target not found
Refreshing native plugins compatible for Editor in 0.19 ms, found 0 plugins.
Preloading 0 native plugins for Editor in 0.00 ms.
Invoked RoslynAnalysisRunner static constructor.
RoslynAnalysisRunner will not be running.
RoslynAnalysisRunner has terminated.
Mono: successfully reloaded assembly
- Completed reload, in  0.681 seconds
Platform modules already initialized, skipping
Refreshing native plugins compatible for Editor in 0.21 ms, found 0 plugins.
Preloading 0 native plugins for Editor in 0.00 ms.
Unloading 1114 Unused Serialized files (Serialized files now loaded: 0)
System memory in use before: 60.8 MB.
System memory in use after: 60.9 MB.

Unloading 8 unused Assets to reduce memory usage. Loaded Objects now: 1657.
Total: 1.508000 ms (FindLiveObjects: 0.120900 ms CreateObjectMapping: 0.031700 ms MarkObjects: 1.302800 ms  DeleteObjects: 0.051900 ms)

========================================================================
Received Import Request.
  Time since last request: 3.747374 seconds.
  path: Assets/Scripts/Inventory/Items/Item.cs
  artifactKey: Guid(e2f967ba2ce5827419f0a9bd7a1668cd) Importer(815301076,1909f56bfc062723c751e8b465ee728b)
Start importing Assets/Scripts/Inventory/Items/Item.cs using Guid(e2f967ba2ce5827419f0a9bd7a1668cd) Importer(815301076,1909f56bfc062723c751e8b465ee728b)  -> (artifact id: '3548696c16a7864bd4bb8c1bf40bfd3a') in 0.007605 seconds
  Import took 0.009528 seconds .

========================================================================
Received Import Request.
  Time since last request: 0.000555 seconds.
  path: Assets/Scripts/Inventory/Items/Item.cs
  artifactKey: Guid(e2f967ba2ce5827419f0a9bd7a1668cd) Importer(815301076,1909f56bfc062723c751e8b465ee728b)
Start importing Assets/Scripts/Inventory/Items/Item.cs using Guid(e2f967ba2ce5827419f0a9bd7a1668cd) Importer(815301076,1909f56bfc062723c751e8b465ee728b)  -> (artifact id: '3548696c16a7864bd4bb8c1bf40bfd3a') in 0.003317 seconds
  Import took 0.005254 seconds .

========================================================================
Received Import Request.
  Time since last request: 2.147834 seconds.
  path: Assets/Scripts/Inventory/Items/Weapon.cs
  artifactKey: Guid(2ea6ea226aec1854ea16235c4dbd5926) Importer(815301076,1909f56bfc062723c751e8b465ee728b)
Start importing Assets/Scripts/Inventory/Items/Weapon.cs using Guid(2ea6ea226aec1854ea16235c4dbd5926) Importer(815301076,1909f56bfc062723c751e8b465ee728b)  -> (artifact id: '7062b612caf21cca37330d29ebf87a74') in 0.006740 seconds
  Import took 0.010046 seconds .

========================================================================
Received Import Request.
  Time since last request: 2.691367 seconds.
  path: Assets/Scripts/Inventory/Items/ItemObjects/ItemObject.cs
  artifactKey: Guid(e2d59ecfd34542741ae3c3d5dc869586) Importer(815301076,1909f56bfc062723c751e8b465ee728b)
Start importing Assets/Scripts/Inventory/Items/ItemObjects/ItemObject.cs using Guid(e2d59ecfd34542741ae3c3d5dc869586) Importer(815301076,1909f56bfc062723c751e8b465ee728b)  -> (artifact id: '1c5b056634dc93b42a3c50704ec42a65') in 0.006981 seconds
  Import took 0.009048 seconds .

========================================================================
Received Import Request.
  Time since last request: 1.840390 seconds.
  path: Assets/Scripts/Inventory/Items/ItemObjects/WeaponObject.cs
  artifactKey: Guid(866a2523446670048bd2f7296fdbd493) Importer(815301076,1909f56bfc062723c751e8b465ee728b)
Start importing Assets/Scripts/Inventory/Items/ItemObjects/WeaponObject.cs using Guid(866a2523446670048bd2f7296fdbd493) Importer(815301076,1909f56bfc062723c751e8b465ee728b)  -> (artifact id: 'e3d6e5b7edddae7438aa0a6cdee0b54a') in 0.003636 seconds
  Import took 0.006807 seconds .

========================================================================
Received Prepare
Registering precompiled user dll's ...
Registered in 0.000608 seconds.
Begin MonoManager ReloadAssembly
Native extension for WindowsStandalone target not found
Refreshing native plugins compatible for Editor in 0.19 ms, found 0 plugins.
Preloading 0 native plugins for Editor in 0.00 ms.
Invoked RoslynAnalysisRunner static constructor.
RoslynAnalysisRunner will not be running.
RoslynAnalysisRunner has terminated.
Mono: successfully reloaded assembly
- Completed reload, in  0.683 seconds
Platform modules already initialized, skipping
Refreshing native plugins compatible for Editor in 0.19 ms, found 0 plugins.
Preloading 0 native plugins for Editor in 0.00 ms.
Unloading 1110 Unused Serialized files (Serialized files now loaded: 0)
System memory in use before: 60.7 MB.
System memory in use after: 60.8 MB.

Unloading 9 unused Assets to reduce memory usage. Loaded Objects now: 1656.
Total: 3.860800 ms (FindLiveObjects: 0.283800 ms CreateObjectMapping: 0.115800 ms MarkObjects: 3.339100 ms  DeleteObjects: 0.119900 ms)

========================================================================
Received Import Request.
  Time since last request: 35.561362 seconds.
  path: Assets/Scripts/Inventory/ItemObject.cs
  artifactKey: Guid(107e3f6df21cfc9438affe31a5d7c205) Importer(815301076,1909f56bfc062723c751e8b465ee728b)
Start importing Assets/Scripts/Inventory/ItemObject.cs using Guid(107e3f6df21cfc9438affe31a5d7c205) Importer(815301076,1909f56bfc062723c751e8b465ee728b)  -> (artifact id: '0b6b120a2e2a4db371b45d0274d4a984') in 0.006546 seconds
  Import took 0.009212 seconds .

========================================================================
Received Prepare
Registering precompiled user dll's ...
Registered in 0.000560 seconds.
Begin MonoManager ReloadAssembly
Native extension for WindowsStandalone target not found
Refreshing native plugins compatible for Editor in 0.22 ms, found 0 plugins.
Preloading 0 native plugins for Editor in 0.00 ms.
Invoked RoslynAnalysisRunner static constructor.
RoslynAnalysisRunner will not be running.
RoslynAnalysisRunner has terminated.
Mono: successfully reloaded assembly
- Completed reload, in  0.712 seconds
Platform modules already initialized, skipping
Refreshing native plugins compatible for Editor in 0.20 ms, found 0 plugins.
Preloading 0 native plugins for Editor in 0.00 ms.
Unloading 1111 Unused Serialized files (Serialized files now loaded: 0)
System memory in use before: 60.7 MB.
System memory in use after: 60.8 MB.

Unloading 5 unused Assets to reduce memory usage. Loaded Objects now: 1660.
Total: 1.502300 ms (FindLiveObjects: 0.124100 ms CreateObjectMapping: 0.032100 ms MarkObjects: 1.300300 ms  DeleteObjects: 0.044900 ms)

========================================================================
Received Prepare
Registering precompiled user dll's ...
Registered in 0.000772 seconds.
Begin MonoManager ReloadAssembly
Native extension for WindowsStandalone target not found
Refreshing native plugins compatible for Editor in 0.19 ms, found 0 plugins.
Preloading 0 native plugins for Editor in 0.00 ms.
Invoked RoslynAnalysisRunner static constructor.
RoslynAnalysisRunner will not be running.
RoslynAnalysisRunner has terminated.
Mono: successfully reloaded assembly
- Completed reload, in  0.798 seconds
Platform modules already initialized, skipping
Refreshing native plugins compatible for Editor in 0.18 ms, found 0 plugins.
Preloading 0 native plugins for Editor in 0.00 ms.
Unloading 1111 Unused Serialized files (Serialized files now loaded: 0)
System memory in use before: 60.7 MB.
System memory in use after: 60.8 MB.

Unloading 5 unused Assets to reduce memory usage. Loaded Objects now: 1663.
Total: 1.665200 ms (FindLiveObjects: 0.234600 ms CreateObjectMapping: 0.039100 ms MarkObjects: 1.343700 ms  DeleteObjects: 0.046600 ms)

========================================================================
Received Import Request.
  Time since last request: 36.444317 seconds.
  path: Assets/Scripts/Inventory/ItemObject.cs
  artifactKey: Guid(107e3f6df21cfc9438affe31a5d7c205) Importer(815301076,1909f56bfc062723c751e8b465ee728b)
Start importing Assets/Scripts/Inventory/ItemObject.cs using Guid(107e3f6df21cfc9438affe31a5d7c205) Importer(815301076,1909f56bfc062723c751e8b465ee728b)  -> (artifact id: '5dbfa454624cbd0552045193c976b992') in 0.004057 seconds
  Import took 0.005998 seconds .

========================================================================
Received Prepare
Registering precompiled user dll's ...
Registered in 0.000593 seconds.
Begin MonoManager ReloadAssembly
Native extension for WindowsStandalone target not found
Refreshing native plugins compatible for Editor in 0.22 ms, found 0 plugins.
Preloading 0 native plugins for Editor in 0.00 ms.
Invoked RoslynAnalysisRunner static constructor.
RoslynAnalysisRunner will not be running.
RoslynAnalysisRunner has terminated.
Mono: successfully reloaded assembly
- Completed reload, in  0.677 seconds
Platform modules already initialized, skipping
Refreshing native plugins compatible for Editor in 0.19 ms, found 0 plugins.
Preloading 0 native plugins for Editor in 0.00 ms.
Unloading 1111 Unused Serialized files (Serialized files now loaded: 0)
System memory in use before: 60.7 MB.
System memory in use after: 60.8 MB.

Unloading 5 unused Assets to reduce memory usage. Loaded Objects now: 1666.
Total: 5.054400 ms (FindLiveObjects: 0.386400 ms CreateObjectMapping: 0.125300 ms MarkObjects: 4.387600 ms  DeleteObjects: 0.151400 ms)

========================================================================
Received Import Request.
  Time since last request: 96.042829 seconds.
  path: Assets/Scripts/Inventory/ItemObject.cs
  artifactKey: Guid(107e3f6df21cfc9438affe31a5d7c205) Importer(815301076,1909f56bfc062723c751e8b465ee728b)
Start importing Assets/Scripts/Inventory/ItemObject.cs using Guid(107e3f6df21cfc9438affe31a5d7c205) Importer(815301076,1909f56bfc062723c751e8b465ee728b)  -> (artifact id: '9a16942fd9dd1545874c9daa0fbe87ed') in 0.005055 seconds
  Import took 0.010190 seconds .

========================================================================
Received Import Request.
  Time since last request: 7.712618 seconds.
  path: Assets/Scripts/Inventory/WeaponItem.cs
  artifactKey: Guid(b96478b95fa5eed448463dff6c36cfa1) Importer(815301076,1909f56bfc062723c751e8b465ee728b)
Start importing Assets/Scripts/Inventory/WeaponItem.cs using Guid(b96478b95fa5eed448463dff6c36cfa1) Importer(815301076,1909f56bfc062723c751e8b465ee728b)  -> (artifact id: '49a763467864672b8547fa2a2b63596d') in 0.008324 seconds
  Import took 0.011406 seconds .

========================================================================
Received Prepare
Registering precompiled user dll's ...
Registered in 0.000637 seconds.
Begin MonoManager ReloadAssembly
Native extension for WindowsStandalone target not found
Refreshing native plugins compatible for Editor in 0.20 ms, found 0 plugins.
Preloading 0 native plugins for Editor in 0.00 ms.
Invoked RoslynAnalysisRunner static constructor.
RoslynAnalysisRunner will not be running.
RoslynAnalysisRunner has terminated.
Mono: successfully reloaded assembly
- Completed reload, in  0.692 seconds
Platform modules already initialized, skipping
Refreshing native plugins compatible for Editor in 0.24 ms, found 0 plugins.
Preloading 0 native plugins for Editor in 0.00 ms.
Unloading 1112 Unused Serialized files (Serialized files now loaded: 0)
System memory in use before: 60.8 MB.
System memory in use after: 60.8 MB.

Unloading 5 unused Assets to reduce memory usage. Loaded Objects now: 1670.
Total: 1.602900 ms (FindLiveObjects: 0.138000 ms CreateObjectMapping: 0.036000 ms MarkObjects: 1.378300 ms  DeleteObjects: 0.049500 ms)

========================================================================
Received Prepare
Registering precompiled user dll's ...
Registered in 0.000653 seconds.
Begin MonoManager ReloadAssembly
Native extension for WindowsStandalone target not found
Refreshing native plugins compatible for Editor in 0.21 ms, found 0 plugins.
Preloading 0 native plugins for Editor in 0.00 ms.
Invoked RoslynAnalysisRunner static constructor.
RoslynAnalysisRunner will not be running.
RoslynAnalysisRunner has terminated.
Mono: successfully reloaded assembly
- Completed reload, in  0.734 seconds
Platform modules already initialized, skipping
Refreshing native plugins compatible for Editor in 0.21 ms, found 0 plugins.
Preloading 0 native plugins for Editor in 0.00 ms.
Unloading 1112 Unused Serialized files (Serialized files now loaded: 0)
System memory in use before: 60.8 MB.
System memory in use after: 60.8 MB.

Unloading 5 unused Assets to reduce memory usage. Loaded Objects now: 1673.
Total: 1.540400 ms (FindLiveObjects: 0.192100 ms CreateObjectMapping: 0.050900 ms MarkObjects: 1.250200 ms  DeleteObjects: 0.046400 ms)

========================================================================
Received Import Request.
  Time since last request: 34.952324 seconds.
  path: Assets/Scripts/Inventory/WeaponItem.cs
  artifactKey: Guid(b96478b95fa5eed448463dff6c36cfa1) Importer(815301076,1909f56bfc062723c751e8b465ee728b)
Start importing Assets/Scripts/Inventory/WeaponItem.cs using Guid(b96478b95fa5eed448463dff6c36cfa1) Importer(815301076,1909f56bfc062723c751e8b465ee728b)  -> (artifact id: '790ed04a6be46b18d0dd644ac2acf3be') in 0.016045 seconds
  Import took 0.022446 seconds .

========================================================================
Received Prepare
Registering precompiled user dll's ...
Registered in 0.000590 seconds.
Begin MonoManager ReloadAssembly
Native extension for WindowsStandalone target not found
Refreshing native plugins compatible for Editor in 0.19 ms, found 0 plugins.
Preloading 0 native plugins for Editor in 0.00 ms.
Invoked RoslynAnalysisRunner static constructor.
RoslynAnalysisRunner will not be running.
RoslynAnalysisRunner has terminated.
Mono: successfully reloaded assembly
- Completed reload, in  0.687 seconds
Platform modules already initialized, skipping
Refreshing native plugins compatible for Editor in 0.19 ms, found 0 plugins.
Preloading 0 native plugins for Editor in 0.00 ms.
Unloading 1112 Unused Serialized files (Serialized files now loaded: 0)
System memory in use before: 60.8 MB.
System memory in use after: 60.9 MB.

Unloading 5 unused Assets to reduce memory usage. Loaded Objects now: 1676.
Total: 1.490900 ms (FindLiveObjects: 0.128900 ms CreateObjectMapping: 0.035300 ms MarkObjects: 1.280800 ms  DeleteObjects: 0.045100 ms)

========================================================================
Received Import Request.
  Time since last request: 94.274013 seconds.
  path: Assets/Scripts/Inventory/WeaponItem.cs
  artifactKey: Guid(b96478b95fa5eed448463dff6c36cfa1) Importer(815301076,1909f56bfc062723c751e8b465ee728b)
Start importing Assets/Scripts/Inventory/WeaponItem.cs using Guid(b96478b95fa5eed448463dff6c36cfa1) Importer(815301076,1909f56bfc062723c751e8b465ee728b)  -> (artifact id: '747904c061b522c1c06c9346e90a1366') in 0.003662 seconds
  Import took 0.005348 seconds .

========================================================================
Received Import Request.
  Time since last request: 10.666995 seconds.
  path: Assets/Resources/Inventory/ScriptableObjects/New Weapon.asset
  artifactKey: Guid(ce3a87e351694b44daacc514f1310503) Importer(815301076,1909f56bfc062723c751e8b465ee728b)
Start importing Assets/Resources/Inventory/ScriptableObjects/New Weapon.asset using Guid(ce3a87e351694b44daacc514f1310503) Importer(815301076,1909f56bfc062723c751e8b465ee728b)  -> (artifact id: '6fe66cd313878c7ca41b6f86d5572928') in 0.013630 seconds
  Import took 0.015595 seconds .

========================================================================
Received Import Request.
  Time since last request: 0.001117 seconds.
  path: Assets/Resources/Inventory/ScriptableObjects/New Weapon.asset
  artifactKey: Guid(ce3a87e351694b44daacc514f1310503) Importer(815301076,1909f56bfc062723c751e8b465ee728b)
Start importing Assets/Resources/Inventory/ScriptableObjects/New Weapon.asset using Guid(ce3a87e351694b44daacc514f1310503) Importer(815301076,1909f56bfc062723c751e8b465ee728b)  -> (artifact id: '6fe66cd313878c7ca41b6f86d5572928') in 0.003051 seconds
  Import took 0.004835 seconds .

========================================================================
Received Prepare
Registering precompiled user dll's ...
Registered in 0.000598 seconds.
Begin MonoManager ReloadAssembly
Native extension for WindowsStandalone target not found
Refreshing native plugins compatible for Editor in 0.21 ms, found 0 plugins.
Preloading 0 native plugins for Editor in 0.00 ms.
Invoked RoslynAnalysisRunner static constructor.
RoslynAnalysisRunner will not be running.
RoslynAnalysisRunner has terminated.
Mono: successfully reloaded assembly
- Completed reload, in  0.762 seconds
Platform modules already initialized, skipping
Refreshing native plugins compatible for Editor in 0.19 ms, found 0 plugins.
Preloading 0 native plugins for Editor in 0.00 ms.
Unloading 1112 Unused Serialized files (Serialized files now loaded: 0)
System memory in use before: 60.8 MB.
System memory in use after: 60.9 MB.

Unloading 5 unused Assets to reduce memory usage. Loaded Objects now: 1679.
Total: 2.047400 ms (FindLiveObjects: 0.182500 ms CreateObjectMapping: 0.044500 ms MarkObjects: 1.754900 ms  DeleteObjects: 0.064400 ms)

========================================================================
Received Import Request.
  Time since last request: 65.153634 seconds.
  path: Assets/Scripts/Inventory/FoodItem.cs
  artifactKey: Guid(26ea482eb219cdb4d9016c1c764e2aaf) Importer(815301076,1909f56bfc062723c751e8b465ee728b)
Start importing Assets/Scripts/Inventory/FoodItem.cs using Guid(26ea482eb219cdb4d9016c1c764e2aaf) Importer(815301076,1909f56bfc062723c751e8b465ee728b)  -> (artifact id: 'cfbfa7ad38a13cd0ece0634acf5397cc') in 0.010477 seconds
  Import took 0.012773 seconds .

========================================================================
Received Prepare
Registering precompiled user dll's ...
Registered in 0.000589 seconds.
Begin MonoManager ReloadAssembly
Native extension for WindowsStandalone target not found
Refreshing native plugins compatible for Editor in 0.22 ms, found 0 plugins.
Preloading 0 native plugins for Editor in 0.00 ms.
Invoked RoslynAnalysisRunner static constructor.
RoslynAnalysisRunner will not be running.
RoslynAnalysisRunner has terminated.
Mono: successfully reloaded assembly
- Completed reload, in  0.707 seconds
Platform modules already initialized, skipping
Refreshing native plugins compatible for Editor in 0.19 ms, found 0 plugins.
Preloading 0 native plugins for Editor in 0.00 ms.
Unloading 1113 Unused Serialized files (Serialized files now loaded: 0)
System memory in use before: 60.8 MB.
System memory in use after: 60.9 MB.

Unloading 5 unused Assets to reduce memory usage. Loaded Objects now: 1683.
Total: 1.665400 ms (FindLiveObjects: 0.159900 ms CreateObjectMapping: 0.045500 ms MarkObjects: 1.412400 ms  DeleteObjects: 0.046700 ms)

========================================================================
Received Prepare
Registering precompiled user dll's ...
Registered in 0.000778 seconds.
Begin MonoManager ReloadAssembly
Native extension for WindowsStandalone target not found
Refreshing native plugins compatible for Editor in 0.20 ms, found 0 plugins.
Preloading 0 native plugins for Editor in 0.00 ms.
Invoked RoslynAnalysisRunner static constructor.
RoslynAnalysisRunner will not be running.
RoslynAnalysisRunner has terminated.
Mono: successfully reloaded assembly
- Completed reload, in  0.713 seconds
Platform modules already initialized, skipping
Refreshing native plugins compatible for Editor in 0.21 ms, found 0 plugins.
Preloading 0 native plugins for Editor in 0.00 ms.
Unloading 1113 Unused Serialized files (Serialized files now loaded: 0)
System memory in use before: 60.8 MB.
System memory in use after: 60.9 MB.

Unloading 5 unused Assets to reduce memory usage. Loaded Objects now: 1686.
Total: 1.583600 ms (FindLiveObjects: 0.179200 ms CreateObjectMapping: 0.053100 ms MarkObjects: 1.302500 ms  DeleteObjects: 0.047700 ms)

========================================================================
Received Import Request.
  Time since last request: 59.751475 seconds.
  path: Assets/Scripts/Inventory/FoodItem.cs
  artifactKey: Guid(26ea482eb219cdb4d9016c1c764e2aaf) Importer(815301076,1909f56bfc062723c751e8b465ee728b)
Start importing Assets/Scripts/Inventory/FoodItem.cs using Guid(26ea482eb219cdb4d9016c1c764e2aaf) Importer(815301076,1909f56bfc062723c751e8b465ee728b)  -> (artifact id: '4147cb300413ac2007326ea27275bf87') in 0.013957 seconds
  Import took 0.019737 seconds .

========================================================================
Received Prepare
Registering precompiled user dll's ...
Registered in 0.000660 seconds.
Begin MonoManager ReloadAssembly
Native extension for WindowsStandalone target not found
Refreshing native plugins compatible for Editor in 0.19 ms, found 0 plugins.
Preloading 0 native plugins for Editor in 0.00 ms.
Invoked RoslynAnalysisRunner static constructor.
RoslynAnalysisRunner will not be running.
RoslynAnalysisRunner has terminated.
Mono: successfully reloaded assembly
- Completed reload, in  0.688 seconds
Platform modules already initialized, skipping
Refreshing native plugins compatible for Editor in 0.19 ms, found 0 plugins.
Preloading 0 native plugins for Editor in 0.00 ms.
Unloading 1113 Unused Serialized files (Serialized files now loaded: 0)
System memory in use before: 60.8 MB.
System memory in use after: 60.9 MB.

Unloading 5 unused Assets to reduce memory usage. Loaded Objects now: 1689.
Total: 1.680800 ms (FindLiveObjects: 0.164600 ms CreateObjectMapping: 0.044200 ms MarkObjects: 1.421000 ms  DeleteObjects: 0.050000 ms)

========================================================================
Received Import Request.
  Time since last request: 34.515889 seconds.
  path: Assets/Scripts/Inventory/FoodItem.cs
  artifactKey: Guid(26ea482eb219cdb4d9016c1c764e2aaf) Importer(815301076,1909f56bfc062723c751e8b465ee728b)
Start importing Assets/Scripts/Inventory/FoodItem.cs using Guid(26ea482eb219cdb4d9016c1c764e2aaf) Importer(815301076,1909f56bfc062723c751e8b465ee728b)  -> (artifact id: '4659541f4046381779385e9266cf0f5c') in 0.003715 seconds
  Import took 0.005490 seconds .

========================================================================
Received Import Request.
  Time since last request: 6.203984 seconds.
  path: Assets/Resources/Inventory/ScriptableObjects/New Food.asset
  artifactKey: Guid(6a1fff04ab3ea1c408114ff19eb1e486) Importer(815301076,1909f56bfc062723c751e8b465ee728b)
Start importing Assets/Resources/Inventory/ScriptableObjects/New Food.asset using Guid(6a1fff04ab3ea1c408114ff19eb1e486) Importer(815301076,1909f56bfc062723c751e8b465ee728b)  -> (artifact id: 'd2f2a41ea09a93dde7d9435820f23606') in 0.012053 seconds
  Import took 0.014168 seconds .

========================================================================
Received Import Request.
  Time since last request: 0.000443 seconds.
  path: Assets/Resources/Inventory/ScriptableObjects/New Food.asset
  artifactKey: Guid(6a1fff04ab3ea1c408114ff19eb1e486) Importer(815301076,1909f56bfc062723c751e8b465ee728b)
Start importing Assets/Resources/Inventory/ScriptableObjects/New Food.asset using Guid(6a1fff04ab3ea1c408114ff19eb1e486) Importer(815301076,1909f56bfc062723c751e8b465ee728b)  -> (artifact id: 'd2f2a41ea09a93dde7d9435820f23606') in 0.003400 seconds
  Import took 0.005464 seconds .

========================================================================
Received Import Request.
  Time since last request: 83.248663 seconds.
  path: Assets/Scripts/Inventory/ScriptableObjects
  artifactKey: Guid(e86f18cf5156d88458269cc348674a72) Importer(815301076,1909f56bfc062723c751e8b465ee728b)
Start importing Assets/Scripts/Inventory/ScriptableObjects using Guid(e86f18cf5156d88458269cc348674a72) Importer(815301076,1909f56bfc062723c751e8b465ee728b)  -> (artifact id: 'a7081938ffae63d85f3250ed0256c478') in 0.006345 seconds
  Import took 0.009276 seconds .

========================================================================
Received Import Request.
  Time since last request: 1.445783 seconds.
  path: Assets/Scripts/Inventory/WeaponItem.cs
  artifactKey: Guid(b96478b95fa5eed448463dff6c36cfa1) Importer(815301076,1909f56bfc062723c751e8b465ee728b)
Start importing Assets/Scripts/Inventory/WeaponItem.cs using Guid(b96478b95fa5eed448463dff6c36cfa1) Importer(815301076,1909f56bfc062723c751e8b465ee728b)  -> (artifact id: '8b7a7a6a2741f6e10b3d2813efb2b259') in 0.002450 seconds
  Import took 0.005105 seconds .

========================================================================
Received Import Request.
  Time since last request: 0.534966 seconds.
  path: Assets/Scripts/Inventory/ItemObject.cs
  artifactKey: Guid(107e3f6df21cfc9438affe31a5d7c205) Importer(815301076,1909f56bfc062723c751e8b465ee728b)
Start importing Assets/Scripts/Inventory/ItemObject.cs using Guid(107e3f6df21cfc9438affe31a5d7c205) Importer(815301076,1909f56bfc062723c751e8b465ee728b)  -> (artifact id: 'ce1b351cd6f9675a198ce4cb3694f1d3') in 0.002280 seconds
  Import took 0.004047 seconds .

========================================================================
Received Import Request.
  Time since last request: 0.000365 seconds.
  path: Assets/Scripts/Inventory/ItemObject.cs
  artifactKey: Guid(107e3f6df21cfc9438affe31a5d7c205) Importer(815301076,1909f56bfc062723c751e8b465ee728b)
Start importing Assets/Scripts/Inventory/ItemObject.cs using Guid(107e3f6df21cfc9438affe31a5d7c205) Importer(815301076,1909f56bfc062723c751e8b465ee728b)  -> (artifact id: 'ce1b351cd6f9675a198ce4cb3694f1d3') in 0.002622 seconds
  Import took 0.004503 seconds .

========================================================================
Received Prepare
Registering precompiled user dll's ...
Registered in 0.000566 seconds.
Begin MonoManager ReloadAssembly
Native extension for WindowsStandalone target not found
Refreshing native plugins compatible for Editor in 0.19 ms, found 0 plugins.
Preloading 0 native plugins for Editor in 0.00 ms.
Invoked RoslynAnalysisRunner static constructor.
RoslynAnalysisRunner will not be running.
RoslynAnalysisRunner has terminated.
Mono: successfully reloaded assembly
- Completed reload, in  0.688 seconds
Platform modules already initialized, skipping
Refreshing native plugins compatible for Editor in 0.19 ms, found 0 plugins.
Preloading 0 native plugins for Editor in 0.00 ms.
Unloading 1113 Unused Serialized files (Serialized files now loaded: 0)
System memory in use before: 60.8 MB.
System memory in use after: 60.9 MB.

Unloading 5 unused Assets to reduce memory usage. Loaded Objects now: 1692.
Total: 1.584400 ms (FindLiveObjects: 0.122100 ms CreateObjectMapping: 0.033200 ms MarkObjects: 1.349700 ms  DeleteObjects: 0.078700 ms)

========================================================================
Received Import Request.
  Time since last request: 34.425381 seconds.
  path: Assets/Scripts/Inventory/ScriptableObjects/InventoryObject.cs
  artifactKey: Guid(aab7a433ea1f1df42ae4a4baa9625dbd) Importer(815301076,1909f56bfc062723c751e8b465ee728b)
Start importing Assets/Scripts/Inventory/ScriptableObjects/InventoryObject.cs using Guid(aab7a433ea1f1df42ae4a4baa9625dbd) Importer(815301076,1909f56bfc062723c751e8b465ee728b)  -> (artifact id: 'fa330e6da1d049695190331b01040e38') in 0.009962 seconds
  Import took 0.012246 seconds .

========================================================================
Received Prepare
Registering precompiled user dll's ...
Registered in 0.000585 seconds.
Begin MonoManager ReloadAssembly
Native extension for WindowsStandalone target not found
Refreshing native plugins compatible for Editor in 0.30 ms, found 0 plugins.
Preloading 0 native plugins for Editor in 0.00 ms.
Invoked RoslynAnalysisRunner static constructor.
RoslynAnalysisRunner will not be running.
RoslynAnalysisRunner has terminated.
Mono: successfully reloaded assembly
- Completed reload, in  0.700 seconds
Platform modules already initialized, skipping
Refreshing native plugins compatible for Editor in 0.19 ms, found 0 plugins.
Preloading 0 native plugins for Editor in 0.00 ms.
Unloading 1114 Unused Serialized files (Serialized files now loaded: 0)
System memory in use before: 60.9 MB.
System memory in use after: 60.9 MB.

Unloading 5 unused Assets to reduce memory usage. Loaded Objects now: 1696.
Total: 2.301200 ms (FindLiveObjects: 0.234600 ms CreateObjectMapping: 0.049300 ms MarkObjects: 1.964200 ms  DeleteObjects: 0.050800 ms)

========================================================================
Received Prepare
Registering precompiled user dll's ...
Registered in 0.000665 seconds.
Begin MonoManager ReloadAssembly
Native extension for WindowsStandalone target not found
Refreshing native plugins compatible for Editor in 0.20 ms, found 0 plugins.
Preloading 0 native plugins for Editor in 0.00 ms.
Invoked RoslynAnalysisRunner static constructor.
RoslynAnalysisRunner will not be running.
RoslynAnalysisRunner has terminated.
Mono: successfully reloaded assembly
- Completed reload, in  0.678 seconds
Platform modules already initialized, skipping
Refreshing native plugins compatible for Editor in 0.20 ms, found 0 plugins.
Preloading 0 native plugins for Editor in 0.00 ms.
Unloading 1114 Unused Serialized files (Serialized files now loaded: 0)
System memory in use before: 60.9 MB.
System memory in use after: 60.9 MB.

Unloading 5 unused Assets to reduce memory usage. Loaded Objects now: 1699.
Total: 1.510900 ms (FindLiveObjects: 0.128600 ms CreateObjectMapping: 0.032700 ms MarkObjects: 1.302400 ms  DeleteObjects: 0.046300 ms)

========================================================================
Received Import Request.
  Time since last request: 577.259709 seconds.
  path: Assets/Scripts/Inventory/ScriptableObjects/InventoryObject.cs
  artifactKey: Guid(aab7a433ea1f1df42ae4a4baa9625dbd) Importer(815301076,1909f56bfc062723c751e8b465ee728b)
Start importing Assets/Scripts/Inventory/ScriptableObjects/InventoryObject.cs using Guid(aab7a433ea1f1df42ae4a4baa9625dbd) Importer(815301076,1909f56bfc062723c751e8b465ee728b)  -> (artifact id: 'bb9f9423eab801768cf76f8179dd5132') in 0.004030 seconds
  Import took 0.005750 seconds .

========================================================================
Received Import Request.
  Time since last request: 7.466580 seconds.
  path: Assets/Resources/Inventory/ScriptableObjects/New Inventory.asset
  artifactKey: Guid(1db545b8651231e498f7ed690f3f5225) Importer(815301076,1909f56bfc062723c751e8b465ee728b)
Start importing Assets/Resources/Inventory/ScriptableObjects/New Inventory.asset using Guid(1db545b8651231e498f7ed690f3f5225) Importer(815301076,1909f56bfc062723c751e8b465ee728b)  -> (artifact id: 'e88a3151b65476ca631526d0addbfd44') in 0.015039 seconds
  Import took 0.017070 seconds .

========================================================================
Received Prepare
Registering precompiled user dll's ...
Registered in 0.000538 seconds.
Begin MonoManager ReloadAssembly
Native extension for WindowsStandalone target not found
Refreshing native plugins compatible for Editor in 0.19 ms, found 0 plugins.
Preloading 0 native plugins for Editor in 0.00 ms.
Invoked RoslynAnalysisRunner static constructor.
RoslynAnalysisRunner will not be running.
RoslynAnalysisRunner has terminated.
Mono: successfully reloaded assembly
- Completed reload, in  0.687 seconds
Platform modules already initialized, skipping
Refreshing native plugins compatible for Editor in 0.19 ms, found 0 plugins.
Preloading 0 native plugins for Editor in 0.00 ms.
Unloading 1114 Unused Serialized files (Serialized files now loaded: 0)
System memory in use before: 60.9 MB.
System memory in use after: 60.9 MB.

Unloading 5 unused Assets to reduce memory usage. Loaded Objects now: 1702.
Total: 3.722900 ms (FindLiveObjects: 0.318100 ms CreateObjectMapping: 0.093300 ms MarkObjects: 3.185700 ms  DeleteObjects: 0.122700 ms)

========================================================================
Received Import Request.
  Time since last request: 238.763646 seconds.
  path: Assets/Scripts/Inventory/Inventory_Controller.cs
  artifactKey: Guid(c92eb04c59e728d47b20aab45bfa6f75) Importer(815301076,1909f56bfc062723c751e8b465ee728b)
Start importing Assets/Scripts/Inventory/Inventory_Controller.cs using Guid(c92eb04c59e728d47b20aab45bfa6f75) Importer(815301076,1909f56bfc062723c751e8b465ee728b)  -> (artifact id: '85a1e1828755f16179f441622f7fdcdd') in 0.010460 seconds
  Import took 0.013542 seconds .

========================================================================
Received Prepare
Registering precompiled user dll's ...
Registered in 0.000568 seconds.
Begin MonoManager ReloadAssembly
Native extension for WindowsStandalone target not found
Refreshing native plugins compatible for Editor in 0.20 ms, found 0 plugins.
Preloading 0 native plugins for Editor in 0.00 ms.
Invoked RoslynAnalysisRunner static constructor.
RoslynAnalysisRunner will not be running.
RoslynAnalysisRunner has terminated.
Mono: successfully reloaded assembly
- Completed reload, in  0.700 seconds
Platform modules already initialized, skipping
Refreshing native plugins compatible for Editor in 0.19 ms, found 0 plugins.
Preloading 0 native plugins for Editor in 0.00 ms.
Unloading 1115 Unused Serialized files (Serialized files now loaded: 0)
System memory in use before: 60.9 MB.
System memory in use after: 61.0 MB.

Unloading 5 unused Assets to reduce memory usage. Loaded Objects now: 1706.
Total: 1.674100 ms (FindLiveObjects: 0.168700 ms CreateObjectMapping: 0.040700 ms MarkObjects: 1.406600 ms  DeleteObjects: 0.056900 ms)

========================================================================
Received Import Request.
  Time since last request: 209.064475 seconds.
  path: Assets/Scripts/Inventory/Inventory_Controller.cs
  artifactKey: Guid(c92eb04c59e728d47b20aab45bfa6f75) Importer(815301076,1909f56bfc062723c751e8b465ee728b)
Start importing Assets/Scripts/Inventory/Inventory_Controller.cs using Guid(c92eb04c59e728d47b20aab45bfa6f75) Importer(815301076,1909f56bfc062723c751e8b465ee728b)  -> (artifact id: '81efcf8f590025950ffe5e214844b8ae') in 0.007897 seconds
  Import took 0.011117 seconds .

========================================================================
Received Import Request.
  Time since last request: 6.840862 seconds.
  path: Assets/Scripts/Inventory/Item.cs
  artifactKey: Guid(6ee321f2252aec24da70b1d98e2c17d6) Importer(815301076,1909f56bfc062723c751e8b465ee728b)
Start importing Assets/Scripts/Inventory/Item.cs using Guid(6ee321f2252aec24da70b1d98e2c17d6) Importer(815301076,1909f56bfc062723c751e8b465ee728b)  -> (artifact id: '902e6864f1ca6c4852fa095964dca090') in 0.003764 seconds
  Import took 0.007512 seconds .

========================================================================
Received Prepare
Registering precompiled user dll's ...
Registered in 0.000629 seconds.
Begin MonoManager ReloadAssembly
Native extension for WindowsStandalone target not found
Refreshing native plugins compatible for Editor in 0.19 ms, found 0 plugins.
Preloading 0 native plugins for Editor in 0.00 ms.
Invoked RoslynAnalysisRunner static constructor.
RoslynAnalysisRunner will not be running.
RoslynAnalysisRunner has terminated.
Mono: successfully reloaded assembly
- Completed reload, in  0.712 seconds
Platform modules already initialized, skipping
Refreshing native plugins compatible for Editor in 0.19 ms, found 0 plugins.
Preloading 0 native plugins for Editor in 0.00 ms.
Unloading 1116 Unused Serialized files (Serialized files now loaded: 0)
System memory in use before: 60.9 MB.
System memory in use after: 61.0 MB.

Unloading 5 unused Assets to reduce memory usage. Loaded Objects now: 1710.
Total: 1.771700 ms (FindLiveObjects: 0.171000 ms CreateObjectMapping: 0.039000 ms MarkObjects: 1.495300 ms  DeleteObjects: 0.065100 ms)

========================================================================
Received Prepare
Registering precompiled user dll's ...
Registered in 0.000822 seconds.
Begin MonoManager ReloadAssembly
Native extension for WindowsStandalone target not found
Refreshing native plugins compatible for Editor in 0.23 ms, found 0 plugins.
Preloading 0 native plugins for Editor in 0.00 ms.
Invoked RoslynAnalysisRunner static constructor.
RoslynAnalysisRunner will not be running.
RoslynAnalysisRunner has terminated.
Mono: successfully reloaded assembly
- Completed reload, in  0.706 seconds
Platform modules already initialized, skipping
Refreshing native plugins compatible for Editor in 0.19 ms, found 0 plugins.
Preloading 0 native plugins for Editor in 0.00 ms.
Unloading 1116 Unused Serialized files (Serialized files now loaded: 0)
System memory in use before: 60.9 MB.
System memory in use after: 61.0 MB.

Unloading 5 unused Assets to reduce memory usage. Loaded Objects now: 1713.
Total: 5.217400 ms (FindLiveObjects: 0.422600 ms CreateObjectMapping: 0.136700 ms MarkObjects: 4.494900 ms  DeleteObjects: 0.160200 ms)

========================================================================
Received Import Request.
  Time since last request: 39.827146 seconds.
  path: Assets/Scripts/Inventory/Item.cs
  artifactKey: Guid(6ee321f2252aec24da70b1d98e2c17d6) Importer(815301076,1909f56bfc062723c751e8b465ee728b)
Start importing Assets/Scripts/Inventory/Item.cs using Guid(6ee321f2252aec24da70b1d98e2c17d6) Importer(815301076,1909f56bfc062723c751e8b465ee728b)  -> (artifact id: '3c270d192d2a4dfa86b9ea899d4da5e5') in 0.011683 seconds
  Import took 0.015981 seconds .

========================================================================
Received Prepare
Registering precompiled user dll's ...
Registered in 0.000559 seconds.
Begin MonoManager ReloadAssembly
Native extension for WindowsStandalone target not found
Refreshing native plugins compatible for Editor in 0.19 ms, found 0 plugins.
Preloading 0 native plugins for Editor in 0.00 ms.
Invoked RoslynAnalysisRunner static constructor.
RoslynAnalysisRunner will not be running.
RoslynAnalysisRunner has terminated.
Mono: successfully reloaded assembly
- Completed reload, in  0.682 seconds
Platform modules already initialized, skipping
Refreshing native plugins compatible for Editor in 0.19 ms, found 0 plugins.
Preloading 0 native plugins for Editor in 0.00 ms.
Unloading 1116 Unused Serialized files (Serialized files now loaded: 0)
System memory in use before: 60.9 MB.
System memory in use after: 61.0 MB.

Unloading 5 unused Assets to reduce memory usage. Loaded Objects now: 1716.
Total: 1.567000 ms (FindLiveObjects: 0.132000 ms CreateObjectMapping: 0.035300 ms MarkObjects: 1.352700 ms  DeleteObjects: 0.046300 ms)

========================================================================
Received Prepare
Registering precompiled user dll's ...
Registered in 0.000624 seconds.
Begin MonoManager ReloadAssembly
Native extension for WindowsStandalone target not found
Refreshing native plugins compatible for Editor in 0.19 ms, found 0 plugins.
Preloading 0 native plugins for Editor in 0.00 ms.
Invoked RoslynAnalysisRunner static constructor.
RoslynAnalysisRunner will not be running.
RoslynAnalysisRunner has terminated.
Mono: successfully reloaded assembly
- Completed reload, in  0.687 seconds
Platform modules already initialized, skipping
Refreshing native plugins compatible for Editor in 0.27 ms, found 0 plugins.
Preloading 0 native plugins for Editor in 0.00 ms.
Unloading 1116 Unused Serialized files (Serialized files now loaded: 0)
System memory in use before: 60.9 MB.
System memory in use after: 61.0 MB.

Unloading 5 unused Assets to reduce memory usage. Loaded Objects now: 1719.
Total: 5.193900 ms (FindLiveObjects: 0.410200 ms CreateObjectMapping: 0.159900 ms MarkObjects: 4.479900 ms  DeleteObjects: 0.141100 ms)

========================================================================
Received Prepare
Registering precompiled user dll's ...
Registered in 0.000573 seconds.
Begin MonoManager ReloadAssembly
Native extension for WindowsStandalone target not found
Refreshing native plugins compatible for Editor in 0.19 ms, found 0 plugins.
Preloading 0 native plugins for Editor in 0.00 ms.
Invoked RoslynAnalysisRunner static constructor.
RoslynAnalysisRunner will not be running.
RoslynAnalysisRunner has terminated.
Mono: successfully reloaded assembly
- Completed reload, in  0.683 seconds
Platform modules already initialized, skipping
Refreshing native plugins compatible for Editor in 0.20 ms, found 0 plugins.
Preloading 0 native plugins for Editor in 0.00 ms.
Unloading 1116 Unused Serialized files (Serialized files now loaded: 0)
System memory in use before: 60.9 MB.
System memory in use after: 61.0 MB.

Unloading 5 unused Assets to reduce memory usage. Loaded Objects now: 1722.
Total: 1.616900 ms (FindLiveObjects: 0.133000 ms CreateObjectMapping: 0.032900 ms MarkObjects: 1.406300 ms  DeleteObjects: 0.043900 ms)

========================================================================
Received Prepare
Registering precompiled user dll's ...
Registered in 0.000571 seconds.
Begin MonoManager ReloadAssembly
Native extension for WindowsStandalone target not found
Refreshing native plugins compatible for Editor in 0.21 ms, found 0 plugins.
Preloading 0 native plugins for Editor in 0.00 ms.
Invoked RoslynAnalysisRunner static constructor.
RoslynAnalysisRunner will not be running.
RoslynAnalysisRunner has terminated.
Mono: successfully reloaded assembly
- Completed reload, in  0.699 seconds
Platform modules already initialized, skipping
Refreshing native plugins compatible for Editor in 0.20 ms, found 0 plugins.
Preloading 0 native plugins for Editor in 0.00 ms.
Unloading 1116 Unused Serialized files (Serialized files now loaded: 0)
System memory in use before: 60.9 MB.
System memory in use after: 61.0 MB.

Unloading 5 unused Assets to reduce memory usage. Loaded Objects now: 1725.
Total: 1.596800 ms (FindLiveObjects: 0.144800 ms CreateObjectMapping: 0.038000 ms MarkObjects: 1.368700 ms  DeleteObjects: 0.044600 ms)

========================================================================
Received Prepare
Registering precompiled user dll's ...
Registered in 0.000570 seconds.
Begin MonoManager ReloadAssembly
Native extension for WindowsStandalone target not found
Refreshing native plugins compatible for Editor in 0.19 ms, found 0 plugins.
Preloading 0 native plugins for Editor in 0.00 ms.
Invoked RoslynAnalysisRunner static constructor.
RoslynAnalysisRunner will not be running.
RoslynAnalysisRunner has terminated.
Mono: successfully reloaded assembly
- Completed reload, in  0.689 seconds
Platform modules already initialized, skipping
Refreshing native plugins compatible for Editor in 0.20 ms, found 0 plugins.
Preloading 0 native plugins for Editor in 0.00 ms.
Unloading 1116 Unused Serialized files (Serialized files now loaded: 0)
System memory in use before: 61.0 MB.
System memory in use after: 61.0 MB.

Unloading 5 unused Assets to reduce memory usage. Loaded Objects now: 1728.
Total: 4.489900 ms (FindLiveObjects: 0.384400 ms CreateObjectMapping: 0.128400 ms MarkObjects: 3.870100 ms  DeleteObjects: 0.104200 ms)

========================================================================
Received Prepare
Registering precompiled user dll's ...
Registered in 0.000637 seconds.
Begin MonoManager ReloadAssembly
Native extension for WindowsStandalone target not found
Refreshing native plugins compatible for Editor in 0.19 ms, found 0 plugins.
Preloading 0 native plugins for Editor in 0.00 ms.
Invoked RoslynAnalysisRunner static constructor.
RoslynAnalysisRunner will not be running.
RoslynAnalysisRunner has terminated.
Mono: successfully reloaded assembly
- Completed reload, in  0.699 seconds
Platform modules already initialized, skipping
Refreshing native plugins compatible for Editor in 0.21 ms, found 0 plugins.
Preloading 0 native plugins for Editor in 0.00 ms.
Unloading 1116 Unused Serialized files (Serialized files now loaded: 0)
System memory in use before: 61.0 MB.
System memory in use after: 61.0 MB.

Unloading 5 unused Assets to reduce memory usage. Loaded Objects now: 1731.
Total: 1.720800 ms (FindLiveObjects: 0.202700 ms CreateObjectMapping: 0.047600 ms MarkObjects: 1.418900 ms  DeleteObjects: 0.049900 ms)

========================================================================
Received Prepare
Registering precompiled user dll's ...
Registered in 0.000626 seconds.
Begin MonoManager ReloadAssembly
Native extension for WindowsStandalone target not found
Refreshing native plugins compatible for Editor in 0.21 ms, found 0 plugins.
Preloading 0 native plugins for Editor in 0.00 ms.
Invoked RoslynAnalysisRunner static constructor.
RoslynAnalysisRunner will not be running.
RoslynAnalysisRunner has terminated.
Mono: successfully reloaded assembly
- Completed reload, in  0.675 seconds
Platform modules already initialized, skipping
Refreshing native plugins compatible for Editor in 0.21 ms, found 0 plugins.
Preloading 0 native plugins for Editor in 0.00 ms.
Unloading 1116 Unused Serialized files (Serialized files now loaded: 0)
System memory in use before: 61.0 MB.
System memory in use after: 61.0 MB.

Unloading 5 unused Assets to reduce memory usage. Loaded Objects now: 1734.
Total: 5.215900 ms (FindLiveObjects: 0.436400 ms CreateObjectMapping: 0.133400 ms MarkObjects: 4.487700 ms  DeleteObjects: 0.154900 ms)

========================================================================
Received Prepare
Registering precompiled user dll's ...
Registered in 0.000640 seconds.
Begin MonoManager ReloadAssembly
Native extension for WindowsStandalone target not found
Refreshing native plugins compatible for Editor in 0.19 ms, found 0 plugins.
Preloading 0 native plugins for Editor in 0.00 ms.
Invoked RoslynAnalysisRunner static constructor.
RoslynAnalysisRunner will not be running.
RoslynAnalysisRunner has terminated.
Mono: successfully reloaded assembly
- Completed reload, in  0.680 seconds
Platform modules already initialized, skipping
Refreshing native plugins compatible for Editor in 0.18 ms, found 0 plugins.
Preloading 0 native plugins for Editor in 0.00 ms.
Unloading 1116 Unused Serialized files (Serialized files now loaded: 0)
System memory in use before: 61.0 MB.
System memory in use after: 61.0 MB.

Unloading 5 unused Assets to reduce memory usage. Loaded Objects now: 1737.
Total: 1.591700 ms (FindLiveObjects: 0.169400 ms CreateObjectMapping: 0.044700 ms MarkObjects: 1.327400 ms  DeleteObjects: 0.049200 ms)

========================================================================
Received Prepare
Registering precompiled user dll's ...
Registered in 0.000598 seconds.
Begin MonoManager ReloadAssembly
Native extension for WindowsStandalone target not found
Refreshing native plugins compatible for Editor in 0.20 ms, found 0 plugins.
Preloading 0 native plugins for Editor in 0.00 ms.
Invoked RoslynAnalysisRunner static constructor.
RoslynAnalysisRunner will not be running.
RoslynAnalysisRunner has terminated.
Mono: successfully reloaded assembly
- Completed reload, in  0.686 seconds
Platform modules already initialized, skipping
Refreshing native plugins compatible for Editor in 0.20 ms, found 0 plugins.
Preloading 0 native plugins for Editor in 0.00 ms.
Unloading 1116 Unused Serialized files (Serialized files now loaded: 0)
System memory in use before: 61.0 MB.
System memory in use after: 61.0 MB.

Unloading 5 unused Assets to reduce memory usage. Loaded Objects now: 1740.
Total: 1.529300 ms (FindLiveObjects: 0.150000 ms CreateObjectMapping: 0.036700 ms MarkObjects: 1.295100 ms  DeleteObjects: 0.046600 ms)

========================================================================
Received Prepare
Registering precompiled user dll's ...
Registered in 0.000729 seconds.
Begin MonoManager ReloadAssembly
Native extension for WindowsStandalone target not found
Refreshing native plugins compatible for Editor in 0.19 ms, found 0 plugins.
Preloading 0 native plugins for Editor in 0.00 ms.
Invoked RoslynAnalysisRunner static constructor.
RoslynAnalysisRunner will not be running.
RoslynAnalysisRunner has terminated.
Mono: successfully reloaded assembly
- Completed reload, in  0.713 seconds
Platform modules already initialized, skipping
Refreshing native plugins compatible for Editor in 0.27 ms, found 0 plugins.
Preloading 0 native plugins for Editor in 0.00 ms.
Unloading 1116 Unused Serialized files (Serialized files now loaded: 0)
System memory in use before: 61.0 MB.
System memory in use after: 61.1 MB.

Unloading 5 unused Assets to reduce memory usage. Loaded Objects now: 1743.
Total: 2.275900 ms (FindLiveObjects: 0.201600 ms CreateObjectMapping: 0.049600 ms MarkObjects: 1.955500 ms  DeleteObjects: 0.067600 ms)

========================================================================
Received Import Request.
  Time since last request: 622.449374 seconds.
  path: Assets/Resources/Inventory/ScriptableObjects/New Weapon.asset
  artifactKey: Guid(ce3a87e351694b44daacc514f1310503) Importer(815301076,1909f56bfc062723c751e8b465ee728b)
Start importing Assets/Resources/Inventory/ScriptableObjects/New Weapon.asset using Guid(ce3a87e351694b44daacc514f1310503) Importer(815301076,1909f56bfc062723c751e8b465ee728b)  -> (artifact id: '5deb7f2b71040293a0ff972f4509805c') in 0.010468 seconds
  Import took 0.012431 seconds .

AssetImportWorkerClient::OnTransportError - code=2 error=End of file
